- addr: 173.50.65.33
  extra: !!python/object/apply:socket.error [61, Connection refused]
  port: 9001
  state: noconnect
- {addr: 81.66.178.135, extra: null, port: 9001, state: ok}
- {addr: 149.156.46.117, extra: null, port: 8080, state: ok}
- {addr: 50.57.64.204, extra: null, port: 9001, state: ok}
- addr: 85.176.3.5
  extra: !!python/object/apply:socket.error [61, Connection refused]
  port: 993
  state: noconnect
- {addr: 216.224.124.114, extra: null, port: 9090, state: ok}
- {addr: 217.20.127.15, extra: null, port: 9001, state: ok}
- {addr: 216.115.3.26, extra: null, port: 443, state: ok}
- {addr: 66.135.35.157, extra: null, port: 9001, state: ok}
- {addr: 193.106.172.85, extra: null, port: 9001, state: ok}
- {addr: 64.34.167.82, extra: null, port: 443, state: ok}
- {addr: 193.136.164.200, extra: null, port: 31901, state: ok}
- {addr: 81.201.60.208, extra: null, port: 443, state: ok}
- {addr: 88.198.68.42, extra: null, port: 9001, state: ok}
- {addr: 80.83.121.105, extra: null, port: 9001, state: ok}
- {addr: 200.58.114.71, extra: null, port: 9001, state: ok}
- {addr: 83.145.200.33, extra: null, port: 9001, state: ok}
- {addr: 85.183.40.67, extra: null, port: 995, state: ok}
- {addr: 87.98.158.137, extra: null, port: 9001, state: ok}
- {addr: 50.21.183.108, extra: null, port: 443, state: ok}
- {addr: 50.21.183.108, extra: null, port: 443, state: ok}
- {addr: 82.182.148.71, extra: null, port: 9001, state: ok}
- addr: 99.18.24.228
  extra: !!python/object/apply:socket.error [61, Connection refused]
  port: 9001
  state: noconnect
- {addr: 213.46.138.76, extra: null, port: 10690, state: ok}
- {addr: 72.11.150.208, extra: null, port: 443, state: ok}
- {addr: 81.218.235.162, extra: null, port: 9001, state: ok}
- {addr: 98.244.55.92, extra: null, port: 9001, state: ok}
- {addr: 82.21.62.13, extra: null, port: 9001, state: ok}
- {addr: 68.44.1.4, extra: null, port: 9001, state: ok}
- {addr: 81.169.136.206, extra: null, port: 9001, state: ok}
- {addr: 213.112.69.130, extra: null, port: 9001, state: ok}
- {addr: 85.229.192.174, extra: null, port: 9009, state: ok}
- {addr: 199.48.147.36, extra: null, port: 443, state: ok}
- {addr: 91.144.190.17, extra: null, port: 9001, state: ok}
- {addr: 66.146.193.31, extra: null, port: 9001, state: ok}
- {addr: 70.36.142.7, extra: null, port: 9009, state: ok}
- addr: 92.225.81.140
  extra: !!python/object/apply:socket.timeout [timed out]
  port: 7001
  state: noconnect
- addr: 118.172.37.117
  extra: !!python/object/apply:socket.timeout [timed out]
  port: 443
  state: noconnect
- addr: 108.59.89.175
  extra: !!python/object/apply:socket.timeout [timed out]
  port: 9001
  state: noconnect
- addr: 87.172.64.228
  extra: !!python/object/apply:socket.timeout [timed out]
  port: 9001
  state: noconnect
- addr: 87.185.190.179
  extra: !!python/object/apply:socket.timeout [timed out]
  port: 9001
  state: noconnect
- addr: 59.95.6.92
  extra: !!python/object/apply:socket.timeout [timed out]
  port: 10011
  state: noconnect
- addr: 79.249.147.160
  extra: !!python/object/apply:socket.timeout [timed out]
  port: 9001
  state: noconnect
- {addr: 77.37.12.191, extra: null, port: 9001, state: ok}
- {addr: 78.47.124.236, extra: null, port: 9001, state: ok}
- {addr: 82.224.58.193, extra: null, port: 9001, state: ok}
- {addr: 77.246.107.69, extra: null, port: 9001, state: ok}
- {addr: 69.114.46.60, extra: null, port: 443, state: ok}
- {addr: 76.126.112.179, extra: null, port: 9001, state: ok}
- {addr: 78.47.53.78, extra: null, port: 443, state: ok}
- {addr: 76.119.233.5, extra: null, port: 443, state: ok}
- {addr: 70.88.160.122, extra: null, port: 4433, state: ok}
- {addr: 188.40.178.5, extra: null, port: 9001, state: ok}
- {addr: 158.250.17.73, extra: null, port: 9001, state: ok}
- addr: 211.128.180.13
  extra: !!python/object/apply:socket.timeout [timed out]
  port: 9001
  state: noconnect
- addr: 109.54.71.251
  extra: !!python/object/apply:socket.timeout [timed out]
  port: 9443
  state: noconnect
- addr: 90.11.187.201
  extra: !!python/object/apply:socket.timeout [timed out]
  port: 443
  state: noconnect
- {addr: 89.188.9.62, extra: null, port: 9001, state: ok}
- {addr: 59.167.130.90, extra: null, port: 9001, state: ok}
- addr: 212.255.28.244
  extra: !!python/object/apply:socket.error [61, Connection refused]
  port: 9001
  state: noconnect
- {addr: 194.0.229.54, extra: null, port: 9001, state: ok}
- {addr: 176.9.232.119, extra: null, port: 443, state: ok}
- addr: 92.144.32.182
  extra: !!python/object/apply:socket.timeout [timed out]
  port: 443
  state: noconnect
- {addr: 84.112.212.143, extra: null, port: 9001, state: ok}
- {addr: 46.182.18.34, extra: null, port: 443, state: ok}
- {addr: 208.65.181.90, extra: null, port: 80, state: ok}
- addr: 77.179.36.56
  extra: !!python/object/apply:socket.timeout [timed out]
  port: 64732
  state: noconnect
- {addr: 195.64.140.190, extra: null, port: 443, state: ok}
- addr: 87.181.80.249
  extra: !!python/object/apply:socket.timeout [timed out]
  port: 9001
  state: noconnect
- {addr: 192.162.103.27, extra: null, port: 9001, state: ok}
- {addr: 97.74.126.239, extra: null, port: 47174, state: ok}
- {addr: 50.17.5.130, extra: null, port: 9001, state: ok}
- addr: 50.33.215.152
  extra: !!python/object/apply:socket.timeout [timed out]
  port: 9001
  state: noconnect
- {addr: 62.109.12.37, extra: null, port: 9001, state: ok}
- {addr: 84.248.189.114, extra: null, port: 9001, state: ok}
- {addr: 212.17.102.77, extra: null, port: 9001, state: ok}
- {addr: 94.23.168.39, extra: null, port: 443, state: ok}
- {addr: 195.111.98.30, extra: null, port: 9001, state: ok}
- {addr: 92.243.21.253, extra: null, port: 9001, state: ok}
- {addr: 89.103.46.134, extra: null, port: 9001, state: ok}
- {addr: 74.116.186.120, extra: null, port: 443, state: ok}
- addr: 46.138.106.77
  extra: !!python/object/apply:socket.error [61, Connection refused]
  port: 9001
  state: noconnect
- {addr: 194.110.192.161, extra: null, port: 9001, state: ok}
- addr: 99.75.39.31
  extra: !!python/object/apply:socket.error [61, Connection refused]
  port: 8082
  state: noconnect
- {addr: 203.179.254.218, extra: null, port: 9001, state: ok}
- {addr: 175.45.25.44, extra: null, port: 9001, state: ok}
- addr: 74.243.145.206
  extra: !!python/object/apply:socket.error [61, Connection refused]
  port: 9001
  state: noconnect
- {addr: 46.227.246.34, extra: null, port: 9001, state: ok}
- {addr: 194.145.200.128, extra: null, port: 443, state: ok}
- addr: 81.174.44.112
  extra: !!python/object/apply:socket.error [61, Connection refused]
  port: 9001
  state: noconnect
- {addr: 209.51.169.86, extra: null, port: 9001, state: ok}
- {addr: 188.40.248.138, extra: null, port: 9001, state: ok}
- {addr: 66.51.236.73, extra: null, port: 33115, state: ok}
- {addr: 205.134.213.56, extra: null, port: 39, state: ok}
- addr: 77.179.8.164
  extra: !!python/object/apply:socket.error [61, Connection refused]
  port: 443
  state: noconnect
- {addr: 95.130.11.170, extra: null, port: 9001, state: ok}
- addr: 205.185.120.222
  extra: !!python/object/apply:socket.error [61, Connection refused]
  port: 9001
  state: noconnect
- addr: 78.13.68.254
  extra: !!python/object/apply:socket.timeout [timed out]
  port: 443
  state: noconnect
- {addr: 216.231.38.106, extra: null, port: 9001, state: ok}
- {addr: 219.117.206.46, extra: null, port: 24000, state: ok}
- {addr: 125.54.166.143, extra: null, port: 9001, state: ok}
- {addr: 188.101.188.77, extra: null, port: 9001, state: ok}
- {addr: 89.102.181.69, extra: null, port: 443, state: ok}
- {addr: 24.107.195.61, extra: null, port: 9001, state: ok}
- {addr: 76.73.48.210, extra: null, port: 22, state: ok}
- addr: 188.96.111.170
  extra: !!python/object/apply:socket.timeout [timed out]
  port: 9090
  state: noconnect
- {addr: 190.183.221.175, extra: null, port: 9001, state: ok}
- addr: 65.30.3.49
  extra: !!python/object/apply:ssl.SSLError [1, '_ssl.c:499: error:140770FC:SSL routines:SSL23_GET_SERVER_HELLO:unknown
      protocol']
  port: 443
  state: nohandshake
- addr: 93.218.190.184
  extra: !!python/object/apply:socket.error [61, Connection refused]
  port: 9001
  state: noconnect
- {addr: 50.57.64.204, extra: null, port: 9001, state: ok}
- {addr: 216.66.81.36, extra: null, port: 9001, state: ok}
- {addr: 92.118.157.16, extra: null, port: 9001, state: ok}
- addr: 86.164.246.7
  extra: !!python/object/apply:socket.error [51, Network is unreachable]
  port: 9001
  state: noconnect
- {addr: 70.87.222.74, extra: null, port: 9001, state: ok}
- {addr: 81.170.143.96, extra: null, port: 9001, state: ok}
- addr: 78.134.12.32
  extra: !!python/object/apply:socket.timeout [timed out]
  port: 9001
  state: noconnect
- {addr: 192.87.173.24, clean_cert: '-----BEGIN CERTIFICATE-----

    MIIBtDCCAR2gAwIBAgIETrp8gDANBgkqhkiG9w0BAQUFADAeMRwwGgYDVQQDExN3

    d3cuM2I0aXQyMnljYXAubmV0MB4XDTExMTEwOTEzMTMzNloXDTEyMTEwODEzMTMz

    NlowHzEdMBsGA1UEAxMUd3d3Lmt4dWxsd2p5eWE0by5uZXQwgZ8wDQYJKoZIhvcN

    AQEBBQADgY0AMIGJAoGBAK9WLDWMsTMf+D7iCdSdB58d/jOB3L++i+VronWjkMUZ

    0ytelS92zlbDVyHh9z46oOQILqkw2MnbnRc7Dabl2NSMoqeAJNl0OZHEzS7i7spR

    JlaUmbxYqphQsn/nfKXBZFGX4cZ9/basLa5pgxyot7skJukpbqRpn4FdNIUvYeef

    AgMBAAEwDQYJKoZIhvcNAQEFBQADgYEACgDMTTC1goMBgueXpDJRGQ7ENge8LuGE

    jWt8TFbAjQx5/0lu4saKzbb0TTQKMvdLJqk0XSo+HudX1OCBm60FPkMgCgr2261h

    NDT5fXxZCGSr14giUIICMVq+azUja1WkrByja3yqW8E9zVlwaH/ElJfDOKSZECXu

    GfczgFegOLY=

    -----END CERTIFICATE-----

    ', port: 9001}
- {addr: 178.63.95.70, clean_cert: '-----BEGIN CERTIFICATE-----

    MIIBtzCCASCgAwIBAgIETrp4EDANBgkqhkiG9w0BAQUFADAeMRwwGgYDVQQDExN3

    d3cubnk3bG5uaWNjcm8ubmV0MB4XDTExMTEwOTEyNTQ0MFoXDTEyMTEwODEyNTQ0

    MFowIjEgMB4GA1UEAxMXd3d3LndiYmNrYmljdHNrbDV5Yy5uZXQwgZ8wDQYJKoZI

    hvcNAQEBBQADgY0AMIGJAoGBAMC8Icn/FJozN3yaWIKVo6Xtbhl5JeZjC2FdOTxJ

    blyvoo3DEX49Z26mYGRN9qiwH0Tgk2+xBAVQ5ccShmCh7tIJnhKWV9InGdGVrk+B

    WPfd7hF0Nq4EQuoN2JTfoAVJqW2Jai22VTkfxLcD/dUq5i1G9uv3DX/EjpFWx7oC

    YBH3AgMBAAEwDQYJKoZIhvcNAQEFBQADgYEAuAVSIN6R99P60CJQHyHJXI+SAFz5

    qPcoxe8taL1WJqlYfZAusxo4ruEx23jrkpjJs/HNfh9xOXyJUXP4beN5kdnPtzs9

    J3npshY4Q9bmTYta+3bZ4exrXTufG1ujDjVj02repn11k/7u4j+jdsZmB0p9Jir9

    28gdA3ZMu0XTiK0=

    -----END CERTIFICATE-----

    ', port: 9001}
- {addr: 83.150.82.122, clean_cert: '-----BEGIN CERTIFICATE-----

    MIIBuDCCASGgAwIBAgIETrp7azANBgkqhkiG9w0BAQUFADAgMR4wHAYDVQQDExV3

    d3cudXVxZHBuNnhpMmhmMy5uZXQwHhcNMTExMTA5MTMwODU5WhcNMTIxMTA4MTMw

    ODU5WjAhMR8wHQYDVQQDExZ3d3cuaTNjZDdxdGJzejVreGwubmV0MIGfMA0GCSqG

    SIb3DQEBAQUAA4GNADCBiQKBgQCv3HTVdrkzdwJ2oGGGYHlLmB+vLwpafSg8fcqk

    YjyAsLpQ5yWNZN26gLyiNqe2C4GiCAlx5e9kWIr083CM6mRY7GPbBq75omCOrcxC

    JjjupgRqpzB+zHXVqero/u1GAGUQqh/t9c7FzgSf3XNb9YKyukEz3FwAKDscOqLa

    PmMfhwIDAQABMA0GCSqGSIb3DQEBBQUAA4GBAMcPlezfjZ742mSvJiaueKkKVVKh

    sBTkrCFZ2C5yTfsAXv9pbT6XnJ9Hzr6HnFJJXe6tdxt+luPQ1UZef1k5KB8rdN3R

    TYAvFtTA3c7F/W4CQV4fDsWxeliilnKkVw61w37us6dg4RLWzSIjYKct8+7niEtm

    URLEviUJIve/sP3B

    -----END CERTIFICATE-----

    ', port: 9001}
- {addr: 87.225.253.173, clean_cert: '-----BEGIN CERTIFICATE-----

    MIIBujCCASOgAwIBAgIETrp8nzANBgkqhkiG9w0BAQUFADAeMRwwGgYDVQQDExN3

    d3cuaHBqdmZsYXo3emoubmV0MB4XDTExMTEwOTEzMTQwN1oXDTEyMTEwODEzMTQw

    N1owJTEjMCEGA1UEAxMad3d3LndncnY1dDNxNXJpeTRlb290cC5uZXQwgZ8wDQYJ

    KoZIhvcNAQEBBQADgY0AMIGJAoGBANaWla7C/7XYJC6cRujQbBWQy5F8yDYoKvym

    qLKbG/ksibX08mxaW7NR7Z/Su6zvvTvzisOGEYNTIHJOy+1wVAJlkjrkTdcRam3N

    XXF1DsvEEKXOsYGmS5P4fYihaNcQVXFPyu7lk0o2YBey74vxSpMDWlf42bB4e8Gc

    uDKoTFj7AgMBAAEwDQYJKoZIhvcNAQEFBQADgYEAHxz5Ixw+XQ2YiEuzx3xRnoNi

    uxci5F1RyKzTs3FlXv8UKK2QBDhWDPP1vB3aKNPwp756cLbm6fYIqii63+gdwSZq

    ++crMocn9LZqEeBqRGOyOdIJponPy2dukNhrOrouhYnwCqWKC1k75Zq+M6V+MQLl

    IVTTZJbo04aV0VuOroE=

    -----END CERTIFICATE-----

    ', port: 443}
- {addr: 86.122.14.138, clean_cert: '-----BEGIN CERTIFICATE-----

    MIIBuzCCASSgAwIBAgIETrp+uzANBgkqhkiG9w0BAQUFADAkMSIwIAYDVQQDExl3

    d3cuM2UzNWZuM2NjNnZia2hvb2EubmV0MB4XDTExMTEwOTEzMjMwN1oXDTExMTEw

    OTE1MjMwN1owIDEeMBwGA1UEAxMVd3d3LjM3bGE1a3R0eDJ3cnkubmV0MIGfMA0G

    CSqGSIb3DQEBAQUAA4GNADCBiQKBgQDHdK5YGfSC3iv//+WcC3rDU42cRp3ACxst

    Fr3hHuxutQczNLsa3TYxVExJ7c1vHHpdatwbJXUFn1DYOH4VymaRxo+wUufn0swj

    dthcfMaHL+g4UZ+7pNiNh9F+z/j3r+nDEfQDMXkRMFt0odl91hx7OQsDDoPBrBlJ

    zeFLJEexlQIDAQABMA0GCSqGSIb3DQEBBQUAA4GBAMuJia/IIT4zULdnhKbxjZRD

    Avb1oIwh4tapJVDz1RvkyK/LSzP/UAursA/msrFXfeYEU0288ewmSdQDjeknPD3s

    txftn/x+Lt1SDpsW52KYW6i3Chjvp2l0FLy+lJQa/mCNd3tFAucjmXWHRUhVonlG

    lhoWt5X1yk2oNtkppsrd

    -----END CERTIFICATE-----

    ', port: 64999}
- {addr: 161.53.8.123, clean_cert: '-----BEGIN CERTIFICATE-----

    MIIBtjCCAR+gAwIBAgIETrptiTANBgkqhkiG9w0BAQUFADAiMSAwHgYDVQQDExd3

    d3cuYWt5ZmdxaHZwbGRvb2JlLm5ldDAeFw0xMTExMDkxMjA5NDVaFw0xMjExMDgx

    MjA5NDVaMB0xGzAZBgNVBAMTEnd3dy5kbDV4dWZqbDVuLm5ldDCBnzANBgkqhkiG

    9w0BAQEFAAOBjQAwgYkCgYEAysNArQYv4zP26JwjLMT1E3TRNtAYi4CsJsFe+4cd

    VqkhV2UMnYHXXqb57E0RlkzjnPA48rqffqFMqXG+hJlinbMIfViLuYf7xyrtoEOk

    0FdADm8cWVbDGjDdT8k2QG7bGGkHCZ6yJ6qEwBPMyiZ+k23uLWYyZ0XVu6Dk7DMq

    d/UCAwEAATANBgkqhkiG9w0BAQUFAAOBgQAbJPY2cI/WIboDE0BFh78c31D4CYpx

    DuZGRBpfduY6lk8qFGouW/dZgSTznGIYIZZNX4itQlIn54owGCO8ardvsb9U6djK

    6mFdC7cg19olztiCI4rGpjrA2e4/vQNyk+vi3LXXI4uC6HQnQ4cA9lLmgb+VrEQk

    09LThKQXMu4p4w==

    -----END CERTIFICATE-----

    ', port: 995}
- {addr: 80.101.87.55, clean_cert: '-----BEGIN CERTIFICATE-----

    MIIBwDCCASmgAwIBAgIETrp0FDANBgkqhkiG9w0BAQUFADAnMSUwIwYDVQQDExx3

    d3cuZXFpZDVkdnVqYXl6ajRlb2hmazIubmV0MB4XDTExMTEwOTEyMzc0MFoXDTEy

    MTEwODEyMzc0MFowIjEgMB4GA1UEAxMXd3d3LncyaW9qdmNkdTZid2drZy5uZXQw

    gZ8wDQYJKoZIhvcNAQEBBQADgY0AMIGJAoGBALffnZrkctXs6WQGGYXsIMc3TCm0

    bq3hYgRE9sD7iRZxQdosythivmICC3IVkiOjSR1bX2snnyDfFNLTVYp0Z/Tx6bCP

    CXROCblzYJGCVAGV46kWtMC65k16gIN/BUUbh/SRcH3gvl2e2L6ZiVBTv0VBMTZy

    QmLOHA6h5VF9pKXnAgMBAAEwDQYJKoZIhvcNAQEFBQADgYEAA+l7KpYdj0wwPV7l

    PJ24AYUu9yc8+X2qJt4vy5jnNQCWgEo85AHQN9QG5oU+qgPx28lea8FsXRpcm18s

    KmtdvtP4fc1kQmLfVUdgJd4Pb+hJIn8WwR+Wr+3eQIMd81jsS+laH4LcHJL7exhR

    6Sojw5KcIOKBwSgBO1BYCt6qly8=

    -----END CERTIFICATE-----

    ', port: 21}
- {addr: 94.228.86.195, clean_cert: '-----BEGIN CERTIFICATE-----

    MIIBujCCASOgAwIBAgIETrpzXDANBgkqhkiG9w0BAQUFADAdMRswGQYDVQQDExJ3

    d3cuYXN0bjJmZHlmcC5uZXQwHhcNMTExMTA5MTIzNDM2WhcNMTIxMTA4MTIzNDM2

    WjAmMSQwIgYDVQQDExt3d3cuZGR1ZGx5amhxNXh6dWllZnpmay5uZXQwgZ8wDQYJ

    KoZIhvcNAQEBBQADgY0AMIGJAoGBANzuKfyNDit2c1+4CVeuPfeLQ6lp64JHc835

    PRogXDtNhrimWKOM03G8gLgVbfS00ZPfZHTzt3gGqTNUYVUSdLK+al8NoEctA2Kl

    1/tbpvIgV2lchogrsl2MwOunjIP85SeJFTlxfPB+AG86M7dwYdfF2zNwi6BauUgO

    K1/GXAoxAgMBAAEwDQYJKoZIhvcNAQEFBQADgYEAvDIngPOLu87UPnHSaHfVr27h

    JlNzVsnCGEOuPqiJH60QlqRlMoFx8J14jOBZ+VaT0w3WWnytvCBrLm7bguNobJCU

    D8XWQyyX+MttBCn+5z+gDYyy/rBkDgqu/pF2uTVMHuzcSWCxPaf9siY8PX6d3ei2

    m2XplhnvDDhFSRXBgJM=

    -----END CERTIFICATE-----

    ', port: 9001}
- {addr: 83.163.219.98, clean_cert: '-----BEGIN CERTIFICATE-----

    MIIBtDCCAR2gAwIBAgIETrp3JjANBgkqhkiG9w0BAQUFADAeMRwwGgYDVQQDExN3

    d3cuaG5xeHJtbDc1Mm8ubmV0MB4XDTExMTEwOTEyNTA0NloXDTExMTEwOTE0NTA0

    NlowHzEdMBsGA1UEAxMUd3d3LmVobGxndDJtZDZ6by5uZXQwgZ8wDQYJKoZIhvcN

    AQEBBQADgY0AMIGJAoGBAMgiaL5BgMXF05h6klpKGbIgdj0t8Fp2A8sdsbiqZcHH

    4moed9X55GIx9mj38IuUIyl7mtB7yhkOewXdxQPz+Hj/kT+g39ELVyVY3wKqf3dc

    rTA69d+wUIf0FR62pHV69181PqbU9asaXO57NTEFtzNAGsKnXgKhKW3aXNqI0zBr

    AgMBAAEwDQYJKoZIhvcNAQEFBQADgYEAV5IKprYBbgrKT1PycyRcehpC+IUykROD

    p6b/DZc7pPMkQXRAaaYPN7bM50bGCobyr3s/ITbghg5dklBZLWp0fIsKanEw8O5l

    Qp2OEpv1vTdHDUWpeJkZ3Y6gVw2zqKB+nuqWA5epm5Yq+mDvDTaI6g81IYHBu6GJ

    Mg6GZ1qmQsA=

    -----END CERTIFICATE-----

    ', port: 9001}
- {addr: 199.126.204.92, clean_cert: '-----BEGIN CERTIFICATE-----

    MIIBvDCCASWgAwIBAgIETrp2izANBgkqhkiG9w0BAQUFADAeMRwwGgYDVQQDExN3

    d3cub2t2dXFpdnpya2EubmV0MB4XDTExMTEwOTEyNDgxMVoXDTExMTEwOTE0NDgx

    MVowJzElMCMGA1UEAxMcd3d3LmJmbmlvcGpycm90dHR4NGw1eGQ1Lm5ldDCBnzAN

    BgkqhkiG9w0BAQEFAAOBjQAwgYkCgYEAu3z1O6VC3jKZVB8/EcJHLZwvhLV4+vKH

    FRwwm4L6CzNLQdPgJqpoOadjkqJJxEldklZp7K1/UEzuaUUKJTF0yj4u2K3SQlVW

    esJPYB2uly2QAhklUODmPC9BW27ii+eE/lk2JseJMW7vU0hBFNyeC/zkNUD6aEjC

    4baARnTKV2cCAwEAATANBgkqhkiG9w0BAQUFAAOBgQA5gsaawd/okstyIvU1DRRf

    JlU9QyOYQdgbKwSCs6IO7modGqBPBrFbcq7CaAQjAzbFQJi6/vBP58GVIpg3Xxs5

    leoFW+uR1xy29uU8AfG39yQJ/JMoqBzfXcqdd7Ch7LhjH9Mq8PTIUW9vFz4tlL7x

    8zJqmNaL5NTsAPiaTT4Rsw==

    -----END CERTIFICATE-----

    ', port: 9001}
- {addr: 88.180.106.174, clean_cert: '-----BEGIN CERTIFICATE-----

    MIIBtzCCASCgAwIBAgIETrqDGjANBgkqhkiG9w0BAQUFADAlMSMwIQYDVQQDExp3

    d3cudTdzbTZsMzVmNWNsZW1tNjY0Lm5ldDAeFw0xMTExMDkxMzQxNDZaFw0xMjEx

    MDgxMzQxNDZaMBsxGTAXBgNVBAMTEHd3dy41bWhrbmkzMi5uZXQwgZ8wDQYJKoZI

    hvcNAQEBBQADgY0AMIGJAoGBAMgJ9LvY5sKKp+pFtE5KZCe/n5UNM247DmLOPObY

    jZD/H8bEQwkOUBteAmQJ04moBJIQGeubUlzOx0LKiBfR2dg27gdFW/vU+9RSbF1Z

    DnphjGzQzVXzdjUvOzbl8TBMCexLR2pT9PZp+zb1As3JepWpcKE42GJBfG+yBDBq

    pVh7AgMBAAEwDQYJKoZIhvcNAQEFBQADgYEAP5ZjYj3F8m7lYE8oaMjFxf17NeRc

    bF9vaorZvK2s9PMcPEi4qzXGrqORhn+ZS7OWvHwTaetSUbRQhrqLXr/e9DxoKIo3

    wPvCRlDLPzPH9YCPPD5whL+VjxUYm6ysYGIIQLd1KMsYp9RLMdvsJ8InK7jY8Hw2

    RjsWB5Xqa1O3DLc=

    -----END CERTIFICATE-----

    ', port: 9001}
- {addr: 80.254.163.43, clean_cert: '-----BEGIN CERTIFICATE-----

    MIIBwzCCASygAwIBAgIETrpxHTANBgkqhkiG9w0BAQUFADAmMSQwIgYDVQQDExt3

    d3cuNmQzaGEzZWxvc3JuZzZmbG82bS5uZXQwHhcNMTExMTA5MTIyNTAxWhcNMTIx

    MTA4MTIyNTAxWjAmMSQwIgYDVQQDExt3d3cubWdlaTdieG80d3BlYnBrZW1vaC5u

    ZXQwgZ8wDQYJKoZIhvcNAQEBBQADgY0AMIGJAoGBAJH0u7Xc4jX+XdfuiBmWgL4M

    rm1p3l4zrSvdSXf5wlUmd9ADROIywlClzYGA7ohE/0QMVUKzL+YwgHyc+uFYKLsV

    ByNPmVcXW9h+YzeIzKp3l1XtaVw7M3zMr6GlOGdSiZX4pcoo4pbrW72IoInDHY4u

    1JtkzAN1liipVT/YPsh/AgMBAAEwDQYJKoZIhvcNAQEFBQADgYEAmr51DZJLGefQ

    gemR8Yw+Q34NFmOc8lfAXYPuyUIxStVJuUk81F2CC8doz5Rhqq9WSZrtIomq25HX

    1xUvaBy+4xvNBgoVVeUjdGAHdqKBDQRcqdGcWneCeSS9SHh0K4ga5oWBZOwHl14V

    HkpOg+KqBDGC29rU5184z+lscpv3lK4=

    -----END CERTIFICATE-----

    ', port: 9001}
- {addr: 85.25.148.13, clean_cert: '-----BEGIN CERTIFICATE-----

    MIIBuDCCASGgAwIBAgIETrptRzANBgkqhkiG9w0BAQUFADAjMSEwHwYDVQQDExh3

    d3cubTY0ZWF3NG9qZmgzNWwzYi5uZXQwHhcNMTExMTA5MTIwODM5WhcNMTIxMTA4

    MTIwODM5WjAeMRwwGgYDVQQDExN3d3cuaGl6dnhtaGF5ZmQubmV0MIGfMA0GCSqG

    SIb3DQEBAQUAA4GNADCBiQKBgQC/IVtF/JSsgTKY4fDyaBjhS0GzLRL5PaCoCCm7

    CoY2A7RnFxRJX495jG739gVqXsoeQE7mW1tJv0IkFsLSQkXSrBwhWlvO1k7vV60o

    uZyPTAVU6x+96ICw7+U1jz9fmRK3zKA/KWNq+CrlPW6y6ke6qVPQMgnEut8ZLzcT

    1OfXqQIDAQABMA0GCSqGSIb3DQEBBQUAA4GBAGGci2KJgzDfjzuWwlMFo1u43maw

    LYl1J/6rTJYdeoUnxPgao6sYyf1JdaiKNoitt+1mO0mDHcB94feEfej/BgMdCBrT

    D/hxvZDD3BY8+BCe4XziL89aLdqbjQc/eOn3wTPA4YPLvEUKkBX6VtmCxn1ThlfK

    FT8hTDDpo2paRcn8

    -----END CERTIFICATE-----

    ', port: 443}
- {addr: 94.231.178.9, clean_cert: '-----BEGIN CERTIFICATE-----

    MIIBtTCCAR6gAwIBAgIETrp/gjANBgkqhkiG9w0BAQUFADAhMR8wHQYDVQQDExZ3

    d3cucHJqbW9ldWdvZmZxMmgubmV0MB4XDTExMTEwOTEzMjYyNloXDTEyMTEwODEz

    MjYyNlowHTEbMBkGA1UEAxMSd3d3LmNpMjM3Y3Y2cmYubmV0MIGfMA0GCSqGSIb3

    DQEBAQUAA4GNADCBiQKBgQCsu2LkBD9kcdeZ3kFqxPlTzBsK7yhF9dB6Tbdxmuvk

    c5fNEzxqgY2MJJD50/RSFOMb+vwOPdOZpEcvFzHrdiI6PmZk12f30TG5NIqAoM7S

    ArOy/H48Rev28k3RQ04RJZOJ23sCsorbhCTEz3Gb5DxU0GI4BYg6eF8MMUY+xPjh

    4wIDAQABMA0GCSqGSIb3DQEBBQUAA4GBAB5rjWLgSSVJO56tSuHadT4sFqUAqNxi

    EltzmuYC1mZBg2DtD6Wo8lseeKD8dwIuCu4GmM0g76+l/vLZyGLCVmh0cV65qsWB

    v4fLa2J7M4tmDzMzUxzilwEvd8egldR8Xu5OXxs1QJZVb3nGBCqp6HUmqpNWr5bG

    sBCMyH3gTNX0

    -----END CERTIFICATE-----

    ', port: 9001}
- {addr: 24.242.202.63, clean_cert: '-----BEGIN CERTIFICATE-----

    MIIBvjCCASegAwIBAgIETrqAhjANBgkqhkiG9w0BAQUFADAnMSUwIwYDVQQDExx3

    d3cuM2hib2RuNm40enI0NmtremltamwubmV0MB4XDTExMTEwOTEzMzA0NloXDTEy

    MTEwODEzMzA0NlowIDEeMBwGA1UEAxMVd3d3Lm0ydXJ1cjU0emtoYjcubmV0MIGf

    MA0GCSqGSIb3DQEBAQUAA4GNADCBiQKBgQC7YO/aXVXpTn8HwXGafedQFSNwZmYu

    Ynx6LjGBiBJgi+zgol7stTtk4t2hW5iFqDS/EHTyUXP1UGnYg2b3AW1pLB4CzmPQ

    ZYHLMSt54rXlnMN/Gy+x755RLtrRdbtovh1JMxrd5PsGmfReV7Y6ggMXrPLs2ozu

    GTBh9cIQBUUNPwIDAQABMA0GCSqGSIb3DQEBBQUAA4GBAAZv3R4hKSCh0aCQtKQe

    ahrZetf7sKFa9QuPPHZQGxG11Xe/tHZp3tDzqMxDXF4pjJTEiXWlG/VS7UN54xt2

    OuowrfW+0nqQ9gWCCiXQ/sCksgXXmVhTzNX0pAMYBcyqSpeW4zQWFZlQuS0KlpUv

    SmgG3zW8oyN8f7AG6QZY105p

    -----END CERTIFICATE-----

    ', port: 48485}
- {addr: 87.98.158.137, clean_cert: '-----BEGIN CERTIFICATE-----

    MIIBtDCCAR2gAwIBAgIETrp76DANBgkqhkiG9w0BAQUFADAhMR8wHQYDVQQDExZ3

    d3cuM2J0MjV6NG9xaHQyb3EubmV0MB4XDTExMTEwOTEzMTEwNFoXDTEyMTEwODEz

    MTEwNFowHDEaMBgGA1UEAxMRd3d3LnRmaHBzdWduYi5uZXQwgZ8wDQYJKoZIhvcN

    AQEBBQADgY0AMIGJAoGBAMoE2ktRuOv4yQYI1/d/L/xEtvO+ogAi5ldH+h7lvUUQ

    dEJFlkb1g7xJIPjUZ38oRfXZGWQlR1uMjaE040mpxo/EsYfjQ5QuB9rKTBZkPudH

    DUEXYjZBO6uyqO8LC6gxBi54a8J/UFv7lc0KyisFff9op0xA8q/h7M3yAsbHUe65

    AgMBAAEwDQYJKoZIhvcNAQEFBQADgYEAOXVgGPUKX8181LeEEAr/37hNtFcXwaUg

    Fi7nCyzVW9zqf8waqHGF8b+CVSDENPNhw0sGUXals3pab5TZQxeHTMsfkSy8Xq6K

    Sept9ye1zZziI9q3Ljol4KqGd2/98c7Ny3y4q02IOVXHdIIL5QvsxwGPaY5GDtDc

    LOeyll4081U=

    -----END CERTIFICATE-----

    ', port: 9001}
- {addr: 49.212.16.119, clean_cert: '-----BEGIN CERTIFICATE-----

    MIIBujCCASOgAwIBAgIETrp8cTANBgkqhkiG9w0BAQUFADAhMR8wHQYDVQQDExZ3

    d3cuZ2R2dWRva3lrNWYzaGcubmV0MB4XDTExMTEwOTEzMTMyMVoXDTEyMTEwODEz

    MTMyMVowIjEgMB4GA1UEAxMXd3d3Lnh3a292eXI1dDV5ZW9vbC5uZXQwgZ8wDQYJ

    KoZIhvcNAQEBBQADgY0AMIGJAoGBAKcMm7AJ2izQ+aWeq+PZQJKht/wmbOaOk8eF

    5/kFoCcTnAtamjZDz4gVJGOPPhCn2SNoFR5TvZqPHim61aGC3nZY1+f44SbP0G+4

    FY5sJ8T+kmbU+FMS4SVlZjYx8uimZs670HPGlDBEvHfU00J0W1w0eZpwyXEm8vqv

    g017WsDLAgMBAAEwDQYJKoZIhvcNAQEFBQADgYEATUSo7ZtfkUHeB7PJKvzOELco

    5+QT41Wue4lyMO7n16NLaqgoWroJIXiXxdaMEq/82H2GSgMGw85iI0qG5o2/0vN0

    8cbtsu+RfOy73TrEAJ7PQ5rxwMTIiuvw8Dhc3TCOH6VNTnD48hJ3t7kuKIG/tvN0

    g/SUlktVDoi35KhCCAg=

    -----END CERTIFICATE-----

    ', port: 9001}
- {addr: 80.177.246.35, clean_cert: '-----BEGIN CERTIFICATE-----

    MIIBuDCCASGgAwIBAgIETrprNDANBgkqhkiG9w0BAQUFADAbMRkwFwYDVQQDExB3

    d3cuemZmN3Z1YnIubmV0MB4XDTExMTEwOTExNTk0OFoXDTEyMTEwODExNTk0OFow

    JjEkMCIGA1UEAxMbd3d3LmJ3c2o3amNpbnp4eHMyYnNscWgubmV0MIGfMA0GCSqG

    SIb3DQEBAQUAA4GNADCBiQKBgQDGPrraV/19gL71yCoNE9uPxT0H1qiPAgREkMAG

    0WuY/Lmf6vrZ4sF0R/c0EEj1K6rRcpccvYrqAyLdUBuBwJgkRP/vh5MU26c6auJW

    QjSXKXv8j3AIdPVQfZYRJPdxOzHkvgw5ON7DpPAbdxu/64/CsCI9yBcYiNXztfZi

    o+7CSwIDAQABMA0GCSqGSIb3DQEBBQUAA4GBAHtY5ar+zosKhq3HeqmyWuFMBJlC

    hKeB/EP8wJlX6BWXxcRSx8e+23mm8ns5GM6dbriRQJ5bckAyk9hlmQVANbySKEQf

    84RTvgsBdMSE3yCLs3Q0HBb2ySukc6F6kh6dGuP8y7f5+LHiJi9i55bSol4hdLCq

    bDDzjywx67tm78DW

    -----END CERTIFICATE-----

    ', port: 9001}
- {addr: 69.172.159.164, clean_cert: '-----BEGIN CERTIFICATE-----

    MIIBxDCCAS2gAwIBAgIETrpz9jANBgkqhkiG9w0BAQUFADAmMSQwIgYDVQQDExt3

    d3cudmZwdmEzeWRuYWV0bXliZ3lmcC5uZXQwHhcNMTExMTA5MTIzNzEwWhcNMTIx

    MTA4MTIzNzEwWjAnMSUwIwYDVQQDExx3d3cuZDRnNXVidnJlMmd6bjRxNzJjY2Qu

    bmV0MIGfMA0GCSqGSIb3DQEBAQUAA4GNADCBiQKBgQDCpet4yg7byyE/BCnz3H+M

    gw28m1VyR+0xbZHoJFvyEsesyB+RClHLxhVkWfFIeXYi20E4Ybz6emgsRuFXNJA/

    mFU/fuoA7ncNoMq76E1+fux88R0Cd/yuqEEuxrDj78VtGdAgvzYwaps57wjeEzq3

    taNAnk5Z3WdUl20VtGQc7wIDAQABMA0GCSqGSIb3DQEBBQUAA4GBACKBrQM/5NKf

    ayDM6Hc9x+xuQMffWcUJ5WnPTrT87Kl7HDnuYodQeJYLEcAxJgeCloDISIl9CZtS

    XNjuJ+9eLpSVd2RmcK52O8oQKzyld0bt6j+TAkqPhjJGkLc2vWk7D12FHcBSHJVv

    oG0uLtO+AyQ1hXi9J1cvGdGZb115bBep

    -----END CERTIFICATE-----

    ', port: 80}
- {addr: 68.71.46.138, clean_cert: '-----BEGIN CERTIFICATE-----

    MIIBvTCCASagAwIBAgIETrpuajANBgkqhkiG9w0BAQUFADAgMR4wHAYDVQQDExV3

    d3cuZWRqaGVranB5bHNkcS5jb20wHhcNMTExMTA5MTIxMzMwWhcNMTIxMTA4MTIx

    MzMwWjAmMSQwIgYDVQQDExt3d3cubm1kMzNrbzVwaHZ1b2pvNXo3eS5uZXQwgZ8w

    DQYJKoZIhvcNAQEBBQADgY0AMIGJAoGBAMsM1aU6Urg3wBRM/Ht9AOxJM/vjr14v

    Y5mv9Tgrk1VWDdBNCRfAOWQJ8lby+h+mNs4/b+6nYPBKWLt5AqQH9Cqbb5Gj5j6N

    5H5q126WUhAiGnOX3LQdZHb3Yc9SLjWL1rjK52EIyzBN9xKE3+HuvCNpNAAN6tLO

    qEx9gSv9VY5DAgMBAAEwDQYJKoZIhvcNAQEFBQADgYEAU9TgjSmmGrdktRZOCdrC

    xTmGTmPbSUfH+R57ckWRgLWg0E8RDncduDe9Ar9qPAClRYkrWpDLNoW0/A1TVYkl

    FRsUjKggUXAsky/oAsywKumge4RlDVC0eJ4lrkBLA35/5RLFMLKTmgWDIcEER6kY

    M54A7z44OTJV0zpJpp1Otc0=

    -----END CERTIFICATE-----

    ', port: 9001}
- {addr: 173.255.228.169, clean_cert: '-----BEGIN CERTIFICATE-----

    MIIBuTCCASKgAwIBAgIETrppMjANBgkqhkiG9w0BAQUFADAmMSQwIgYDVQQDExt3

    d3cuNWlvajZtMjZqcWxiYXRsZ2J3by5uZXQwHhcNMTExMTA5MTE1MTE0WhcNMTIx

    MTA4MTE1MTE0WjAcMRowGAYDVQQDExF3d3cuMjcyejdhZnQ3Lm5ldDCBnzANBgkq

    hkiG9w0BAQEFAAOBjQAwgYkCgYEAsY67SU+Pd1w/lXQQGapTpQVeTLaYFd+OfWeS

    +uCJkIxeHwQHwBlUHeU8KlAXj2dS4eay25RV1nWTu093JTq5v5phcM+xr/lZpyHK

    v53aq1wJbPvOYmnNA9mY35Opr/0aaRkiyMTXZ0dMbumTvwsDQUIeCVSP35LsG5l8

    StjHCrcCAwEAATANBgkqhkiG9w0BAQUFAAOBgQCdd7T35mvL3v4QTEIOyY7uDvo4

    1W7FZ8pWLmL4C98KGF7AYshiXrkv8mtNniwtKqyVqTeIaE2U3X6X2lJFzylCPBIQ

    7PRVx5yK5RonujnqOq9FpPHBR0u+zvcsTuwDp3f05R1L488IXt/0XqetXGUfboRr

    4SaetLVko45hDeW+Zw==

    -----END CERTIFICATE-----

    ', port: 9001}
- {addr: 117.18.75.235, clean_cert: '-----BEGIN CERTIFICATE-----

    MIIBuzCCASSgAwIBAgIETrpqUDANBgkqhkiG9w0BAQUFADAiMSAwHgYDVQQDExd3

    d3cuaXh6YTdpd2U2M295cmg0Lm5ldDAeFw0xMTExMDkxMTU2MDBaFw0xMjExMDgx

    MTU2MDBaMCIxIDAeBgNVBAMTF3d3dy40dm9wZ2pnNjRoNDRoYW4ubmV0MIGfMA0G

    CSqGSIb3DQEBAQUAA4GNADCBiQKBgQDBeAXXamJKrPYTsdgiDgtfwxyEVq6kEj8b

    SWFXLpzmjqGW2Ib37iwcxIIwof2TejIADcik9WM/poLBswcuAa98UKULqTJwT0gH

    yhcQTs2d/TtuRZs4hoBBzVuCGZgsTLru6LY8/TIE0LZtbQ50iYCUryrIU1qyWROH

    aNGe3IJ+lwIDAQABMA0GCSqGSIb3DQEBBQUAA4GBAE70707KAaK3FUB025h2VY0j

    y/+4eTFzY1PaCv7cgcJPoBWb8fbkr1aXFvIsDw9pBVv2I/vT5IReuJ4LhNGd9Xw7

    32W1wdXB0Fdpi6e0j4tRg16abwG96grPQpTXchtJNZJ7S6HNVOwrkK2AZBVvG65l

    Ev4qSJotYLTlXJH8d4sM

    -----END CERTIFICATE-----

    ', port: 443}
- {addr: 99.83.4.158, clean_cert: '-----BEGIN CERTIFICATE-----

    MIIBujCCASOgAwIBAgIETrpqSTANBgkqhkiG9w0BAQUFADAjMSEwHwYDVQQDExh3

    d3cuY3Z2Y2VrdWhicTR6cGFrZS5uZXQwHhcNMTExMTA5MTE1NTUzWhcNMTExMTA5

    MTM1NTUzWjAgMR4wHAYDVQQDExV3d3cuZ25ydDR6Ynk2eXF1ei5uZXQwgZ8wDQYJ

    KoZIhvcNAQEBBQADgY0AMIGJAoGBAM4VVfgtzMrS+ChEpJRFKhnzMEAU3IUvnMJl

    BKwioCGx1exsE4X/BErowds1Tvz1CLXAYuaJv0EhP3bvVDbRc8woQMySTYfX2lPH

    CUMTaMmW+3yn6KUz+Jn6HwPhmna1RdEuKttbPuNITARnXbEN2e1XDXWqXhq3mVk1

    ceVXPMlRAgMBAAEwDQYJKoZIhvcNAQEFBQADgYEAep8UDoZ5/UZGTVjbCw4YA+fV

    sgytkkNW3QtNMPrGmIMHAi+N3rkgeJbFpyK98QvTqf8Wttotl97n0E5sAx/VvcbD

    AyzGQe5iGcbxV/Tt3aYsGpJLTtH/058C33NnrvGNBj8gwDO5fXlUbatsLKJyNQO8

    kt6AHECJbGciWhUZZXc=

    -----END CERTIFICATE-----

    ', port: 9001}
- {addr: 84.38.65.79, clean_cert: '-----BEGIN CERTIFICATE-----

    MIIBuDCCASGgAwIBAgIETrp/eDANBgkqhkiG9w0BAQUFADAdMRswGQYDVQQDExJ3

    d3cuNDV3dzZkZnZ2Ni5uZXQwHhcNMTExMTA5MTMyNjE2WhcNMTIxMTA4MTMyNjE2

    WjAkMSIwIAYDVQQDExl3d3cucm0zNDJ6bnl4dnR1M212ZTYubmV0MIGfMA0GCSqG

    SIb3DQEBAQUAA4GNADCBiQKBgQDXWc/bE5dgMMiHRD29n2b1kUeEH9o27B5uhEpm

    Okcnq3a/KT8eQ3edgjHGJA46hm8y0KlAalhphDqoEIicxrCNUrdFviHMqQVlvl6/

    WCyaGFHE+AiEHKJbwsk51Kaf200CeS+0dZ3/9MTEbh+PlZMcp06XWb+Zdqk+pd5M

    2si1WQIDAQABMA0GCSqGSIb3DQEBBQUAA4GBAKRu0oCW0YIr1OQ04pLGzrNrhGmt

    KZnubsGVodpueiPa96EpYGRxZHPbmPnOPAIMB1IJv+oiqpVrLzyVNM74zlTmtKTF

    uKxr9XS257y+G7LPM+r4FlYHGYyI08jjpn8TFCRWDAxPW01K6eLcQEhEGpuK3deH

    TxTTbOubz0B6Ct5g

    -----END CERTIFICATE-----

    ', port: 9001}
- {addr: 82.225.147.145, clean_cert: '-----BEGIN CERTIFICATE-----

    MIIBtzCCASCgAwIBAgIETrptDzANBgkqhkiG9w0BAQUFADAeMRwwGgYDVQQDExN3

    d3cuZnA0bnBlaW5nY3gubmV0MB4XDTExMTEwOTEyMDc0M1oXDTEyMTEwODEyMDc0

    M1owIjEgMB4GA1UEAxMXd3d3Lmd6M2ptdjI0dGMyb3BreS5uZXQwgZ8wDQYJKoZI

    hvcNAQEBBQADgY0AMIGJAoGBAN0xolP/2qfRg0gvsQCxT4q/6vvLbYRWNpC4LBD0

    vN/SVS7MxE/rXRgnmI6wNXonVhaFW9tcQw0AbhCVdPwVV7SFFyAjSj15aOQXheZV

    DkdMrJzTEr7UIHIHDG9o9jSs66twLwgqrCWZ5rFD7J/xGSfhIIs7TlwZeja1othf

    mN7ZAgMBAAEwDQYJKoZIhvcNAQEFBQADgYEAjCBiYfy6CFExr88+S4ZhYum4b7U5

    GL4klxPFanNeNw1wxTxAXm/GyUUicuB7E7xrYxWS1Y/MkF2G4rmyaXNvrKYWeoIb

    Ms+XwFz+fcaZeR+IVG9h3O2pw31nOmTNqn9GAqUrFfSpohA1IlCGzk3dZlZQEep7

    wkHnPfRgtCohYoc=

    -----END CERTIFICATE-----

    ', port: 8080}
- {addr: 128.173.89.245, clean_cert: '-----BEGIN CERTIFICATE-----

    MIIBujCCASOgAwIBAgIETrpvDjANBgkqhkiG9w0BAQUFADAkMSIwIAYDVQQDExl3

    d3cuaTdlbXhnNmkzYTNnbmZ6eXIubmV0MB4XDTExMTEwOTEyMTYxNFoXDTEyMTEw

    ODEyMTYxNFowHzEdMBsGA1UEAxMUd3d3LmFrejI0aTRoMzJqby5uZXQwgZ8wDQYJ

    KoZIhvcNAQEBBQADgY0AMIGJAoGBAM49TX0wh4ICqPGLYnW/yUdyyJoYM4hVwlyb

    j83UurLADwMx1P+QQGo6O4lv8RcUPuzU1o7mqmO9uVtWfC+LAv1VaU3BePFvnT5Y

    FH0CVtKtv7DdlN8uEag1SELH8JUQi6gtNKNPWPV0m6NaOEgn/t3fhjO+0GxurBnj

    7wPwryctAgMBAAEwDQYJKoZIhvcNAQEFBQADgYEAfGLQ5alUDUJqQaCwGIvO3vKf

    Cp51HQ8kAtfvmfEiP9eA+p2KdsM0xh4fPgomDhAS6JmOHRj25cMwSblu+eisf+aL

    /rwKFhN0Wb2SqzvcJ3Hw/zkFimlQUc0NjnHpwtZkrZqiGTt66BV6r4Oauhv8F3b0

    Jf0ECMxvsRILOyxAWbI=

    -----END CERTIFICATE-----

    ', port: 443}
- {addr: 188.138.113.26, clean_cert: '-----BEGIN CERTIFICATE-----

    MIIBtDCCAR2gAwIBAgIETrqSGzANBgkqhkiG9w0BAQUFADAcMRowGAYDVQQDExF3

    d3cub3Njcm9pa3VnLm5ldDAeFw0xMTExMDkxNDQ1NDdaFw0xMTExMDkxNjQ1NDda

    MCExHzAdBgNVBAMTFnd3dy5wenlpbDVodHNtNHRmdC5uZXQwgZ8wDQYJKoZIhvcN

    AQEBBQADgY0AMIGJAoGBANOUIaOCmJ0YkbqkybkxDvoD6SO28OX3hFZkvIgVTToO

    WXduwe2mkH5f6k3Zp6O3QTZBqRYx+RIrz7utKNOJi0ThBnxS9SCKk6ZqW+gK02qo

    k04L83IFseO0V4hoEMeDry38pRlc952et+6oG7qzcdNm5Z2shysByA2mSZrvMbzR

    AgMBAAEwDQYJKoZIhvcNAQEFBQADgYEAF0eeFX6y4ykOpmneuRak9aqI8Y38ec2j

    hE6YFjP0pd+17apZe0+7DVhdTM9cLVxidbJC6KC6Xl0pGWojwKRw9GXzpbCNZKEl

    oq0zFQmZHwqyAP5t7lBGZIixL8h1t2Srsq1eMPsYgODQG/bJMFR6cTSSDueO28dT

    fhW5hsqIwKs=

    -----END CERTIFICATE-----

    ', port: 9090}
- {addr: 212.85.155.2, clean_cert: '-----BEGIN CERTIFICATE-----

    MIIBvTCCASagAwIBAgIETrpwgTANBgkqhkiG9w0BAQUFADAjMSEwHwYDVQQDExh3

    d3cuYjZ5bmYzbXp3dm1mdGJ3ay5uZXQwHhcNMTExMTA5MTIyMjI1WhcNMTExMTA5

    MTQyMjI1WjAjMSEwHwYDVQQDExh3d3cuc2dhbjdoZDZxczY2cXBiZy5uZXQwgZ8w

    DQYJKoZIhvcNAQEBBQADgY0AMIGJAoGBAKvcFSXeziErnH9AeJ5t1ze8JLrH9PLe

    3XIBlnzBAOB6axnVR05XtW9FzdC5KzhC3sQXh/jxzZ5IkuHcFiOOiPgm668jvz7F

    qysjERc2lW4/Zr+ASELb3Bfr7r01XqZjT5+wHOMb84jQGsObm30ERICDKtS+bZkz

    BCr9AMToqsz9AgMBAAEwDQYJKoZIhvcNAQEFBQADgYEAdYyXmdaCMD+f+dLxKFvm

    359Cl+Q/uZ9q5/dE1OG+KLsdyHDjuWh+1RmpAI3XHS0BA5afORG7gyg5TKwcdo4p

    nBCe7HFecFImjSymzgmZl9fZcO8dugfKTK59rTejMNLXBPqrm95m75vQCHDsPXcy

    RuBw0pvwJrAEniubIz5a7wI=

    -----END CERTIFICATE-----

    ', port: 9001}
- {addr: 173.254.216.67, clean_cert: '-----BEGIN CERTIFICATE-----

    MIIBwDCCASmgAwIBAgIETrptNTANBgkqhkiG9w0BAQUFADAnMSUwIwYDVQQDExx3

    d3cubXRxdjR2YWpuM2o2bmNxcXFscmsuY29tMB4XDTExMTEwOTEyMDgyMVoXDTEy

    MTEwODEyMDgyMVowIjEgMB4GA1UEAxMXd3d3Lm92bWo2d2p4cXZ3bHMyby5uZXQw

    gZ8wDQYJKoZIhvcNAQEBBQADgY0AMIGJAoGBALhPuehluSmtV3l1BGRnWe85j7kZ

    BflKuJppwn2+Bq6n0dhhq8XE+glSQZFVX5ei2HMYkKIiXeXCm2CsSe5Rn+iRbGph

    iB5hdM89fWzcvH8rYVfacoBc12Rrim2Z2hTLj5vlS6SwuUVdF4BP626SORYkdu0X

    ZE3zG9M/1fWV1cutAgMBAAEwDQYJKoZIhvcNAQEFBQADgYEAK9AiSh44IB29P76Y

    CtLIvTpJ9x8GwxgtpithsNfonoxkL+Uijuc/n5AMO97qQHvtdA9rWA6dEcCn/Z0b

    CA/Eym4vTpNwjpH3BusbdxKPCwYopNrHC6yV8LaMmrSeJAhdY++62jC69d3aO+Hx

    AVHvmRqGZDeLdK9utH4ikwlEUfg=

    -----END CERTIFICATE-----

    ', port: 443}
- {addr: 207.192.70.250, clean_cert: '-----BEGIN CERTIFICATE-----

    MIIBxDCCAS2gAwIBAgIETrp9RDANBgkqhkiG9w0BAQUFADAnMSUwIwYDVQQDExx3

    d3cuNmhteW5mdG8zM3R0ZXFuYnR2ZXUubmV0MB4XDTExMTEwOTEzMTY1MloXDTEy

    MTEwODEzMTY1MlowJjEkMCIGA1UEAxMbd3d3Lnhid2F3aHV4d3FodzM1YWpnbDIu

    bmV0MIGfMA0GCSqGSIb3DQEBAQUAA4GNADCBiQKBgQC+8YOFFAsc0f4eNyK4YnDL

    c8cIsISpsZgPImQxdJQo47tUkR1l2WJP2QZruwjJp2MjSsPvv14UhIo6hEcycPYl

    4KPZ0LR7lD1SkjKIoyrisTxZZcgg35KCWx9JpFxvP9FO6DQEf5ZJDgvfNuWE8Kn2

    rj3NzVut/YfLgtNtlx1M0QIDAQABMA0GCSqGSIb3DQEBBQUAA4GBAHU6aD0389cd

    c//8of+eyxP1Y1ewJsQm8SYKt00RPMVEboVYjxoSbf7tzIhHjsS6TexGLH2mklYj

    PB08Rz2WySn/VGOfSb+dvqlGXqE+H3r9Ac4Vz3FqJB2AUWg+vUVQPDmxpAHJbnE1

    d7x9Jv0wW5cnLocKFwo+N1nXfKVSshiM

    -----END CERTIFICATE-----

    ', port: 9001}
- {addr: 202.37.129.159, clean_cert: '-----BEGIN CERTIFICATE-----

    MIIBvTCCASagAwIBAgIETrp5RDANBgkqhkiG9w0BAQUFADAnMSUwIwYDVQQDExx3

    d3cucHFnMjdxZnFzZHYzYXpkYzZka3IubmV0MB4XDTExMTEwOTEyNTk0OFoXDTEx

    MTEwOTE0NTk0OFowHzEdMBsGA1UEAxMUd3d3LmlnY25sZWNjeTZuei5uZXQwgZ8w

    DQYJKoZIhvcNAQEBBQADgY0AMIGJAoGBALvWMws0dcZyRy4yUAGPQ++6GwkzD5n2

    fHeM1PizdVM5M3ecadLXTUIcpZ0ZD8a6aazCskz8qUOzlrtlvjB3th2Hn6CRCndP

    YOezk8MGaXrSVgO62favHafSpuwWls5MchXn0gvHzOac1LuqZqBOMWGYOwmNg2qh

    uYWqfGqq7z9VAgMBAAEwDQYJKoZIhvcNAQEFBQADgYEAH+aE6Q9Qb9fST9k9+a9V

    Rud4bEbSD674TtRQEqWF3soZbBk+5IJ7eOtQGR9/R8vH9YyuIBWcpRVXJ0jPD+yX

    5WbvfHxiA7atI8m+kOziZ3XWhs2N4ROt4Twf9RCpvuNtFAtMJ40sXgO+K6VdOtVQ

    lbOdbtBS/hqBiVWWbVEg8VY=

    -----END CERTIFICATE-----

    ', port: 9001}
- {addr: 173.254.216.68, clean_cert: '-----BEGIN CERTIFICATE-----

    MIIBwDCCASmgAwIBAgIETrptNzANBgkqhkiG9w0BAQUFADAiMSAwHgYDVQQDExd3

    d3cudW1ibm5wZnVtaHVmdG13LmNvbTAeFw0xMTExMDkxMjA4MjNaFw0xMjExMDgx

    MjA4MjNaMCcxJTAjBgNVBAMTHHd3dy4yYWppdmtodGl3eHB3cXdrdGQzcC5uZXQw

    gZ8wDQYJKoZIhvcNAQEBBQADgY0AMIGJAoGBAL1bq6ET4U6eDkxAGoiL5EFfAY7T

    n1YRzisFqPta685NjjUYBDEqSSDE6GE4SGu8NOIzW2GSrIkGnQuMb4lbHSZf0TKU

    UZ5nrZtvwJDsO8MuW2WEIMTxDGmSZ88M6PHTSh1PgxRORMZdAid3bwbGU/0/2po9

    rnnfQe8cZP8tzVzRAgMBAAEwDQYJKoZIhvcNAQEFBQADgYEAbQuGH5e4xNs3z4eB

    5xel7xeUwkFAHL7+Icfs4jRqYYnsCTSRDWAjdm7ooYOvkaHRJ6Bfkf8FEv4B49lQ

    cLvQrIQBYrNENdZUTT5U72KjZfu5A1lq8lUgBsaMJZpsFpKy+/REbkEwDu1LcVLI

    kYIspr2zPP6wRHEuOuQhdT0ZJu0=

    -----END CERTIFICATE-----

    ', port: 443}
- {addr: 64.46.39.238, clean_cert: '-----BEGIN CERTIFICATE-----

    MIIBvjCCASegAwIBAgIETrplNjANBgkqhkiG9w0BAQUFADAlMSMwIQYDVQQDExp3

    d3cud2tndWxkZndzeG1ld2dxYnRpLm5ldDAeFw0xMTExMDkxMTM0MTRaFw0xMTEx

    MDkxMzM0MTRaMCIxIDAeBgNVBAMTF3d3dy5mYjV4bnd5Y3VjY3U0Y2UubmV0MIGf

    MA0GCSqGSIb3DQEBAQUAA4GNADCBiQKBgQDEMFczisayYrkAD7NrLi35uBRIEL3J

    Kr1i75j8yK+QRh/dk+37IraqUNyYgWYjqlh0gZnI67+czk4bDAB0l+9ZAYVDP9Iv

    SAYAB8XC2COCUMQ3MWHSwQDrIWtDJzjv8rg/krEHmhowb0rNiid3hBqkfFZDAZkk

    JM5VwF5M75+BgwIDAQABMA0GCSqGSIb3DQEBBQUAA4GBAAh5Y9S57RPchB/OdB8n

    859fiUtpWVXtuhijFEAokYpnnsrQONDqy25GYzJ4zXpDJznpNZCQRZIToucAAEPt

    7IbKME190+dcSvSh1f07nJ33E0Gjv+LpHyLLpXWmt/Y3T6gVnpaAHWATRJEjqXmy

    TOtVZBN0WmJkWbbbUbsY0M5i

    -----END CERTIFICATE-----

    ', port: 9001}
- {addr: 78.142.142.246, clean_cert: '-----BEGIN CERTIFICATE-----

    MIIBvDCCASWgAwIBAgIETrpuxjANBgkqhkiG9w0BAQUFADAkMSIwIAYDVQQDExl3

    d3cubXNyYmx5cWY1eXd2dmdmcXUubmV0MB4XDTExMTEwOTEyMTUwMloXDTEyMTEw

    ODEyMTUwMlowITEfMB0GA1UEAxMWd3d3LnRxa2dhc2FkN243NG1pLm5ldDCBnzAN

    BgkqhkiG9w0BAQEFAAOBjQAwgYkCgYEA5Ho+V+4bZyaQU6Gfjcj5vc944akQZ/pD

    qORsstURN5Wm4XfrvOoSgL1kvMZOs9jQ0XxOmHKZlaANrrhDg6MLe3xcwtgg0CQm

    1aeRwaJAdTLJSdSG9JnOd4tC37muWAqLvS3RMCSvWo/J5DDd46ZHaye+S0oJUPR6

    lp9L8YRmO3kCAwEAATANBgkqhkiG9w0BAQUFAAOBgQBqHplJAJ5IG7k1qswePW+M

    bwh0aynMjb3T1ZH9GTq7CtdU2tO66vbyIiQ55DQMuUWIee4vSsh87uZH5FNy9Elr

    11qOvcF0MbPTIzBX7sWN8RPKDrXYMzUZRD3uPRwwc6ZkRC0sV/a2Yf7phUgFKe0M

    8pt29att1M6bhwFQW7RSFg==

    -----END CERTIFICATE-----

    ', port: 443}
- {addr: 87.106.189.238, clean_cert: '-----BEGIN CERTIFICATE-----

    MIIBrjCCARegAwIBAgIETrpqMDANBgkqhkiG9w0BAQUFADAbMRkwFwYDVQQDExB3

    d3cuZTdrNm1ub2oubmV0MB4XDTExMTEwOTExNTUyOFoXDTEyMTEwODExNTUyOFow

    HDEaMBgGA1UEAxMRd3d3LnJpaGJ2M2I1ZC5uZXQwgZ8wDQYJKoZIhvcNAQEBBQAD

    gY0AMIGJAoGBALQOuP79KMHlCQQuvqppkmBshOkSlRib4vpDrx0q1WcY7Wu/mIDk

    e5FLbD9ePeU+Oh7Zfx6JNNmrl//Zp1Hp4s+ol648WVB/CVvdQFQMy7A49Ex+Lgpx

    goAedVuwb+T1ov8XK+2z9M/mPp/mzg1N4Gs9dW18Ph1Wupy7AlFL5GZ/AgMBAAEw

    DQYJKoZIhvcNAQEFBQADgYEAIE/RyqN4+l5k454xS8LpYfuIpkUDssRSJctUUTQT

    juTashuy+DpWTmtbQGIyZuVw68oZT3wwJh5tEjCwrowwS+jp5fjMxr1b/APayg64

    JfGkaz6lwCv5BZBtvRqGYOrDSfUxL/EWV8pxRDHhz+IK+gCR11I1TNPX0LdJceuD

    YOI=

    -----END CERTIFICATE-----

    ', port: 9001}
- {addr: 85.10.198.236, clean_cert: '-----BEGIN CERTIFICATE-----

    MIIBsTCCARqgAwIBAgIETrqB4TANBgkqhkiG9w0BAQUFADAfMR0wGwYDVQQDExR3

    d3cueW8ydW83ZDVreDR1Lm5ldDAeFw0xMTExMDkxMzM2MzNaFw0xMTExMDkxNTM2

    MzNaMBsxGTAXBgNVBAMTEHd3dy5wd252bHQ0bi5uZXQwgZ8wDQYJKoZIhvcNAQEB

    BQADgY0AMIGJAoGBAMYYNUvq03MyGMfngN8bpB5zbp9ALVktzHvDw/YTwXTSUGkw

    Pq33Kf9U9ejpFn9B0Oe+J+BJGnbQH9Jb1n+YqmL4EI4bzCA5fQ4MMygcGQfi8kpk

    uh2cGIT8F7jqHL3PgebfVkgSpBV7r9qkZijauJ9jNnoWDsnw9OPol8tBquVpAgMB

    AAEwDQYJKoZIhvcNAQEFBQADgYEAkwI/D6SYT/cFjAK9J0CkHokOHbpjow9eLv4s

    ur+n2/zry5sGNazut087MxMDBYrSov+qMe/V4TaBdkO/lrcf6jl9C6JkpCK4ndmm

    hBHwekFWaGF68zR6BHzzX49MchJMJOqASUpSM4srQxqaZG2Wekuo8Fy20DERgNey

    qRcndTo=

    -----END CERTIFICATE-----

    ', port: 9001}
- {addr: 96.126.114.81, clean_cert: '-----BEGIN CERTIFICATE-----

    MIIBwDCCASmgAwIBAgIETrp5izANBgkqhkiG9w0BAQUFADAjMSEwHwYDVQQDExh3

    d3cucmVhZ2FuYXN4Y2UybXZrZC5uZXQwHhcNMTExMTA5MTMwMDU5WhcNMTIxMTA4

    MTMwMDU5WjAmMSQwIgYDVQQDExt3d3cuYWd1Z2MyY2dmcWYzNnc3dDR0ai5uZXQw

    gZ8wDQYJKoZIhvcNAQEBBQADgY0AMIGJAoGBANOaZo/0EG149zZc+9HYxUqgLQj7

    MHO+IJWiuZuIwCR609u7J1m+1sttfrDblkwqSHq9N0EyW/rkr28+vyPY5hbpyn3X

    zjZW9TCcfc5eGX1W1ynN2B0sAmNHVOhSNV2Ja2MTCDr4FgLxc4ps0+nV5L/OAAwB

    /JI0qLHQ8vCG95HFAgMBAAEwDQYJKoZIhvcNAQEFBQADgYEAAp7MtnUz3sFbU8z1

    Q6q7bcJNfjeymFcULKCjUyKYSaSMSIDMXhN8XkQt77X6YjT0/rw53LEn79bpoapM

    zS6LPPgljLD5aamX8f5TSLRPT2+x99KTwwQW5R4/zTuammTAgGr7R9rVo+BGVVmO

    r8tslp4Gei+dYlQW6m+J7SBAAm0=

    -----END CERTIFICATE-----

    ', port: 443}
- {addr: 184.18.151.21, clean_cert: '-----BEGIN CERTIFICATE-----

    MIIBtDCCAR2gAwIBAgIETrpojDANBgkqhkiG9w0BAQUFADAiMSAwHgYDVQQDExd3

    d3cuZnVqdTdiZHhzbWNiMzUyLm5ldDAeFw0xMTExMDkxMTQ4MjhaFw0xMjExMDgx

    MTQ4MjhaMBsxGTAXBgNVBAMTEHd3dy5qNWp2M2duaS5uZXQwgZ8wDQYJKoZIhvcN

    AQEBBQADgY0AMIGJAoGBAMYKoWrJC24LaaqEIeHd8nsJbBZ7A2zLfe+BnQqa8fDR

    DYD4d7OA/DF/Tpm4m/O91c15kA0Acivlg0PcCSqTftqnBQtbyyKO52xkwZORlR+r

    XXrP0WL/2Vi0hNkTtlXCZBZs9DAKuomsGXFgBJQKzzciUExDkE/6L7qVSjUBU50z

    AgMBAAEwDQYJKoZIhvcNAQEFBQADgYEAVWeI1PnR2k7cMog8i+ofAYsdklnslQx5

    x5jgatixb+RWC1P0mDEj6bbZJ1caHtvf+wgrIOpntGL7R49zNDpPMSrJfYqtegg1

    RXfXjbfUyufGEKhCZ09iBIUjXQVXaHQQ4ukBWuKX0UVMZS2RpkQ3L6Cq0/iLiPJ9

    Ufr9Uo1ibis=

    -----END CERTIFICATE-----

    ', port: 9001}
- {addr: 88.177.202.125, clean_cert: '-----BEGIN CERTIFICATE-----

    MIIBwTCCASqgAwIBAgIETrpzrTANBgkqhkiG9w0BAQUFADAlMSMwIQYDVQQDExp3

    d3cubHZvNTJ4NXN2Nm81bXJ4N2ZrLm5ldDAeFw0xMTExMDkxMjM1NTdaFw0xMjEx

    MDgxMjM1NTdaMCUxIzAhBgNVBAMTGnd3dy5weHpvMnBhc2V1bjY2MmlrZGcubmV0

    MIGfMA0GCSqGSIb3DQEBAQUAA4GNADCBiQKBgQDVbR6puF/Ub4XtgOYWABDJQqHd

    XghhmZx6yTN9iK6xhCpV0nYKFxGkirKb60vj4ZQb9toNmH6UqQOzc9xEqDRTgT8p

    J+QHXNCjluYNhg9X5dixxTyfHt48OrhY4r8HR2ib3YdKtxYFA0mmZlFDBBrsCDdI

    8KUjG9hxRc9QESY3WQIDAQABMA0GCSqGSIb3DQEBBQUAA4GBAGdIGnNX10fqORx1

    PS4R9oNXSp81LWCl2LRN+lya5ExlZfg1FCDKk+0QnYfkUpkDqbRMXhydOWz2aq0Y

    PNtO6QAK7qmAnlbSHueYh9y+FwpnI40RGiSXM0oT8g40VQbsElCqqT9/gcKq7g7C

    hv6j/p/HJY4+IVhMd4evpHQ86EJj

    -----END CERTIFICATE-----

    ', port: 9001}
