- {addr: 89.110.156.247, clean_cert: '-----BEGIN CERTIFICATE-----

    MIIBuzCCASSgAwIBAgIETrpqzDANBgkqhkiG9w0BAQUFADAkMSIwIAYDVQQDExl3

    d3cubGNlczV6cWVrd2Nrc2V4dDYubmV0MB4XDTExMTEwOTExNTgwNFoXDTEyMTEw

    ODExNTgwNFowIDEeMBwGA1UEAxMVd3d3LmZybm9mY2t4a3hrMzMubmV0MIGfMA0G

    CSqGSIb3DQEBAQUAA4GNADCBiQKBgQDMf8kGSG2Yr+uoJFO7cwO0jPEgpqmUF/VT

    a2Q383TJ3bx8vQ0JSaJFtMFqAR1xE37xO5RjzzxC/mGdoygueKpuM6IudIenCZlZ

    T45AeY5Sk6Wg8wtamOitU/+T0nfpvGh8K5XEnKX/bua95urPjkqJSY7/visqRTC5

    akG9Em2hFwIDAQABMA0GCSqGSIb3DQEBBQUAA4GBAGvkGeQVWK2gNlbsLiyndXXT

    ICXrnyNCQs8cIo2MYhRwSXJXZvUSuuI0o7AM2ppdhtkTUfXWncXGJzSVkEynInXE

    mRPQGadzTKtKjM3YpeBmBMX8lOJxA/Y+43NBxjydYqPWuWPLM22TdLIZa0TUvF+H

    l9kHwVbc0T4CzK7tfknA

    -----END CERTIFICATE-----

    ', port: 443}
- {addr: 213.152.176.60, clean_cert: '-----BEGIN CERTIFICATE-----

    MIIBvDCCASWgAwIBAgIETrpuEDANBgkqhkiG9w0BAQUFADAgMR4wHAYDVQQDExV3

    d3cudmRteW5obmRod3Fwai5uZXQwHhcNMTExMTA5MTIxMjAwWhcNMTIxMTA4MTIx

    MjAwWjAlMSMwIQYDVQQDExp3d3cuNnh0a2Nld3dueWFhMjdwbzZmLm5ldDCBnzAN

    BgkqhkiG9w0BAQEFAAOBjQAwgYkCgYEAx+3BtApB9oI72ySw42MoyzJn2Al46s79

    WUXcu6vh5LS0OWTPaznCVOqIKWDzEKC4t1362Y56eYVZ/5+y01wYqnCyB10txam1

    9/1tb6rf56l9e0NK4fLzF0EPErv/IkxKKAeb71W2LJLkWhQvqC2x0x6lrwTpYk/K

    XRqnTdKJbdcCAwEAATANBgkqhkiG9w0BAQUFAAOBgQAWskybVulLRPqh80Us9gbm

    uhQroabjb0db23/+fjxerJIQkLngW37p9rbhBogToQ3lvdH54jkAsACIh7/5D4jI

    cjkVwpbcy/wXJvcl8y78oB7AdMxNueF2OEcNF8LDE0PaT5cNcmRNAPPDjZDjKq+m

    qgFXcFSMzTOCkkLvNVOlWw==

    -----END CERTIFICATE-----

    ', port: 9001}
- {addr: 184.106.71.154, clean_cert: '-----BEGIN CERTIFICATE-----

    MIIBwTCCASqgAwIBAgIETrpzfDANBgkqhkiG9w0BAQUFADAlMSMwIQYDVQQDExp3

    d3cuZzN6cGI0Z2Vjb2FsemJtaGw1Lm5ldDAeFw0xMTExMDkxMjM1MDhaFw0xMTEx

    MDkxNDM1MDhaMCUxIzAhBgNVBAMTGnd3dy5uNXk1aGduazJ1aHcycjZodXoubmV0

    MIGfMA0GCSqGSIb3DQEBAQUAA4GNADCBiQKBgQDPvR/awL/ejFLrd/4xf1KSZ3PK

    Sq0pDzMd1I/GNRWoCs3cBo5uf7/FrPGaEUJbRHa7Fwaj0FZmUo0aPjxhNzjjmKbk

    2Eywi20jbB+36tVG1LG5qd2BYsjyZj4fI9ndsLSn4C6PMU/trgcTQmIbrLoEvI73

    agS2ZywHdaSiynHZTwIDAQABMA0GCSqGSIb3DQEBBQUAA4GBAJqUV0JeLGwepx1L

    lbAejFEtZNan9CZw5jIZxePdYdTfhjym58MOE7+RxdQw7JLev5uMWwMS2JI9kU+4

    ODTteRkzxoaofhBB4yFbYYN6m37DgTAvGjgGQYzzC5wIBYtOUHHXye2Qwxd0vepZ

    2ZrR1xmQfXNmhm3H0df6WERJ/i1A

    -----END CERTIFICATE-----

    ', port: 9001}
- {addr: 24.37.20.35, clean_cert: '-----BEGIN CERTIFICATE-----

    MIIBuzCCASSgAwIBAgIETrpyXDANBgkqhkiG9w0BAQUFADAfMR0wGwYDVQQDExR3

    d3cuemp5bWg3eHR5Njd5Lm5ldDAeFw0xMTExMDkxMjMwMjBaFw0xMjExMDgxMjMw

    MjBaMCUxIzAhBgNVBAMTGnd3dy5nMzdwNm9mcGZxbmlkd2tubmsubmV0MIGfMA0G

    CSqGSIb3DQEBAQUAA4GNADCBiQKBgQCg1uRryPd/4jEbLn/JYaXXTn58S5iP9A41

    LSesKPMHvrUQr0evuq0KtKMNRKZLOjp8RX8VshL46yfdHCOIbmbpcOCkB6Z1Ibxf

    WrNM4wAIpNdUQjZ+27R0JtODpf603nfVeHVcV7wqaZt+ALno8XcsrT6TMkh6Bej2

    /w1APi/rDQIDAQABMA0GCSqGSIb3DQEBBQUAA4GBAETJq1y5x1OJdsJJN3QaMtej

    Q966FKHe1Cw+zIVIhB9Ngy7fa59MRqTa5G4DFkvjLVWfFz0iE4a68N/wsiiqBAaz

    TxhNtwGMI4embU8f4/qtKhLVGXLZuF3A9gJaTmlju2uqN1P1v43H3lt5Jvz82drS

    yyqqulvZDDuCnPZpqdk7

    -----END CERTIFICATE-----

    ', port: 443}
- {addr: 69.163.34.209, clean_cert: '-----BEGIN CERTIFICATE-----

    MIIBtTCCAR6gAwIBAgIETrpncjANBgkqhkiG9w0BAQUFADAgMR4wHAYDVQQDExV3

    d3cuMzRkZGV6ZWdtaHoycy5uZXQwHhcNMTExMTA5MTE0MzQ2WhcNMTIxMTA4MTE0

    MzQ2WjAeMRwwGgYDVQQDExN3d3cucWEzZnU1b2p3bHkubmV0MIGfMA0GCSqGSIb3

    DQEBAQUAA4GNADCBiQKBgQDA6Nuwv4nJVghkxLr725qGOuQJVmPx8/UZ7Ov3A6uN

    wwqauOazl+V6x57edBsGBVJFK1dd2w96fyuLwh/+/W6kXjY4YVhOJJGy207YU3lZ

    TXA7MKscmrodJOKaBYTnZrqYPCqKRpGvZNJ8DA4T2gQGNj0/czqCAImAJ925/Yl+

    tQIDAQABMA0GCSqGSIb3DQEBBQUAA4GBAIPMWRWLB+loMVigKFWyfUbP1bDYt3IH

    L/K1CunqUqoKdUHfDWN8MW+i2ltVcdtYkQjEujt2bHYCP723lisvxri6Q4A1rpgj

    D2BgRu3KeD2M5EakEOeqCDU2FQK23EoheYfPGmYZewH4L/Xa3hg9XL/tPr52046M

    izMc8M6fGk9c

    -----END CERTIFICATE-----

    ', port: 9001}
- {addr: 86.63.106.164, clean_cert: '-----BEGIN CERTIFICATE-----

    MIIBuTCCASKgAwIBAgIETrp5WTANBgkqhkiG9w0BAQUFADAhMR8wHQYDVQQDExZ3

    d3cuM3FrZXBhZ3pqajZrZHEubmV0MB4XDTExMTEwOTEzMDAwOVoXDTEyMTEwODEz

    MDAwOVowITEfMB0GA1UEAxMWd3d3LmJ2d2ZneGl5Z2Rhc2p4Lm5ldDCBnzANBgkq

    hkiG9w0BAQEFAAOBjQAwgYkCgYEAmwuyfeXtQEubPqd6pf+RjAJtZnuOGGNDAEpt

    Xhy4Hg/QMPN0lO5k+9R9YAsD2LYCediZIDGLz+dTvheoWgleHQEUxlIgeOJ5mcnV

    pUEdX0coj5VtOPMm0Wq0VfWSOBf/awoBnrSyV/5m13tRti/x8IpqVT/9IXJccMYI

    Hg4o9Z0CAwEAATANBgkqhkiG9w0BAQUFAAOBgQCXhPZiBnwLPrVWdISRs7EVbKXE

    zP/7XPAvLyYlziyD1A5Ua1DlJvMY4Wu3JCgKFmUGi8ddBwrsAWB9dybjMBFnhD7C

    XDIrZ0KvRZiPrnGfSlnzpLo5MLC8Slyn1q6CRkPbF0RlhQKuQ3IKTTHi04qtI4kN

    6ODxb+bxgEBcMgHwBQ==

    -----END CERTIFICATE-----

    ', port: 443}
- {addr: 109.169.46.53, clean_cert: '-----BEGIN CERTIFICATE-----

    MIIBwDCCASmgAwIBAgIETrpzHDANBgkqhkiG9w0BAQUFADAjMSEwHwYDVQQDExh3

    d3cuMmZwdGliZHJoZzdzNDN3Yi5uZXQwHhcNMTExMTA5MTIzMzMyWhcNMTExMTA5

    MTQzMzMyWjAmMSQwIgYDVQQDExt3d3cuZ2JlZWgydG9lNjd2azVsbXdjai5uZXQw

    gZ8wDQYJKoZIhvcNAQEBBQADgY0AMIGJAoGBAMQGCvSb0jrsqdh4VZNo5MqLt+Gm

    sx17QHX/gzR24OcNVPADptBdjrFJ7/ONfb8l45XEEJzrDO30w3pZRrsG0Whl1ZFF

    xKE+ryEqOBIZHNfg/6jSDIxgC/3ekR/UEkoVZFZ78KvAKwX4xFx3+zfNihRYT64A

    +xRg0nN/Dh0CjFClAgMBAAEwDQYJKoZIhvcNAQEFBQADgYEAxyyEHLQClJvQDfdh

    ETRFnn7adgSXXSZbxDvs2t249jhFriG3a1V9WJkWwY0I2KA1sdnWwIyw/8O2Z+AW

    xjqJJfL+XnhMO1y3/gGYdOGEJe3qWJRvUPU11jqroVTOZath3/gekANj8v4vdPpJ

    7R+2304RWCcoLGaP7NSXQvfIen0=

    -----END CERTIFICATE-----

    ', port: 9001}
- {addr: 174.24.162.249, clean_cert: '-----BEGIN CERTIFICATE-----

    MIIBwjCCASugAwIBAgIETrp6KzANBgkqhkiG9w0BAQUFADAmMSQwIgYDVQQDExt3

    d3cubTNkcXI2bnlvNzZkM2thbm9rby5uZXQwHhcNMTExMTA5MTMwMzM5WhcNMTIx

    MTA4MTMwMzM5WjAlMSMwIQYDVQQDExp3d3cuZHIyM2ZheGtmMzRhZ2VlZG9xLm5l

    dDCBnzANBgkqhkiG9w0BAQEFAAOBjQAwgYkCgYEAt1cViO7XVA+R36mw346O0KMc

    xbz7EojRZjE/n4ngGKoHEmiC/FUY7QUmmmWobPy2/0nEJXT+2sigXlUMkGSr4H+E

    sIE3vS6JjuvS6M5icNcL8ykxMuG2LKpcaa4IddN+VtAJ6ktpVSWFjRikxHyxbC5S

    gOGYSHyoi7j/MZ3vB28CAwEAATANBgkqhkiG9w0BAQUFAAOBgQB0OqLynhD1Yhav

    LUoPJTpi0oNQ2LDTD0aFVqmo9AJ4xi9DTjDHh1eDk3+77v1RGw7poWj0iMH0yjgG

    V/bE3bAsNbLA2ttmENkCzr3jsJz7rPV2Cx88celJY7smkNRcVArxJhxxAnOzxNIk

    dU1q+53e64BDdyKMSG6JaIWmW2LegA==

    -----END CERTIFICATE-----

    ', port: 2320}
- {addr: 213.152.174.190, clean_cert: '-----BEGIN CERTIFICATE-----

    MIIBvzCCASigAwIBAgIETrpyMDANBgkqhkiG9w0BAQUFADAnMSUwIwYDVQQDExx3

    d3cub2JncTZmaGZ1bzQzc2xhNnhpMnIuY29tMB4XDTExMTEwOTEyMjkzNloXDTEy

    MTEwODEyMjkzNlowITEfMB0GA1UEAxMWd3d3LnlwNHd4cmUyeHlvZDZsLm5ldDCB

    nzANBgkqhkiG9w0BAQEFAAOBjQAwgYkCgYEAtokfmZPIHE9RLu0I2XBmR2CBimPX

    CHZQiJBdhsJQI0PGWlQDnfMpnoYJf8K+w94hywylrCWINfwujnCFYyZWOADcXif/

    IEUb0ZQqb6TbWEWg4XOuClSkQy39cLSlF5Irs+tBmwytz1KyZY6yX8XytiS30bNB

    9aN/MWTBQJooDQ8CAwEAATANBgkqhkiG9w0BAQUFAAOBgQBHDXlq95yoNMffIDeQ

    aTcpUi/q8R/MTOCZXkTnFtb0p6YEV0ID5dxX7CdH+oCnB+GHZGKdpjWxq5fjBrAg

    WKkl5q2YV/V31DEwZNrPRmtHoUhIG9b6ZUGq3qbkKB//H5uPZBxe9E9AfU2Q7JcO

    SJxdpFolzDLuOZ+AK8H7Z8s2lA==

    -----END CERTIFICATE-----

    ', port: 443}
- {addr: 186.0.191.140, clean_cert: '-----BEGIN CERTIFICATE-----

    MIIBuzCCASSgAwIBAgIETrp9ATANBgkqhkiG9w0BAQUFADAlMSMwIQYDVQQDExp3

    d3cuamVnZ3NybTZ6bmp5eXE1ZXRzLm5ldDAeFw0xMTExMDkxMzE1NDVaFw0xMjEx

    MDgxMzE1NDVaMB8xHTAbBgNVBAMTFHd3dy5iaXV6bG41NzR5emoubmV0MIGfMA0G

    CSqGSIb3DQEBAQUAA4GNADCBiQKBgQDBM3OPXEipl1bIpuiYQgfo5k30onr9kza4

    X+9WFZKW4bVf/XIFE2GuIS90INqVhV9AhM7z+RojGxDI9C+csOQUhbJ+VzAOYvUf

    xBlqSZiLecQmVbjjr+G3Q/9UAQg1MNK2LLLo3lanAnpXkBUdnjzJOtFx9SJO763w

    01KjPQf88wIDAQABMA0GCSqGSIb3DQEBBQUAA4GBAHqhPwZ7zCDrYedhKbtdcpm3

    dROGspLcauyBzxTlEGkv5iZncQxtbIdS0veD7eDJbTozphfma96okxFXi0qerPgc

    cnVmeqprrZJmgH8GrMamGz8LKJ0Z4guR7vhmtbzrXQQ9GgQtMRwvTLXNkUJzvbAa

    fqC0zvsnl2g6soK+ZdWJ

    -----END CERTIFICATE-----

    ', port: 443}
- {addr: 82.170.137.139, clean_cert: '-----BEGIN CERTIFICATE-----

    MIIBuDCCASGgAwIBAgIETrp0bzANBgkqhkiG9w0BAQUFADAiMSAwHgYDVQQDExd3

    d3cueHV1NzdycDZ0N3BtcHRlLm5ldDAeFw0xMTExMDkxMjM5MTFaFw0xMTExMDkx

    NDM5MTFaMB8xHTAbBgNVBAMTFHd3dy5icmY3aW1ucnhsdHkubmV0MIGfMA0GCSqG

    SIb3DQEBAQUAA4GNADCBiQKBgQDhvrE6A1WS5T+RMhMtsLV1tZ0vkp1I/JFrQmwg

    MkX7gTqrACgseT6kAQiQMHw3v3ePz60/KSkLdIb2zuR0Zdw5YFE0OqDTVP4Wly99

    gmGHc1ukzY5wTv3mPwaQvE53RMvRxBWN76fruvoXgXiA0xiymS6UT2UtmJE1TdN2

    CAvqFQIDAQABMA0GCSqGSIb3DQEBBQUAA4GBAA/pQYsl5m8yCYASNK9V5p44P1ys

    g42VQ+xzM1j77c2IMpcjAqwqXLNmeKjqT+EySor9pJv9ehUq5HfIxxlL+VKvKx1l

    i63mnhrIwmdB251lE5VfKab3fk9zClSPVzuBHg2c5GgRjEHMmFo+fjOVFrWtFZHl

    cvYkoC+smdLFipYM

    -----END CERTIFICATE-----

    ', port: 9001}
- {addr: 80.221.9.48, clean_cert: '-----BEGIN CERTIFICATE-----

    MIIBwDCCASmgAwIBAgIETrpn9TANBgkqhkiG9w0BAQUFADAiMSAwHgYDVQQDExd3

    d3cueWt2YmFtM2NpZW1haGwzLm5ldDAeFw0xMTExMDkxMTQ1NTdaFw0xMjExMDgx

    MTQ1NTdaMCcxJTAjBgNVBAMTHHd3dy5xd3N2Y2Z6cWpyd3NheWR4cm5ycS5uZXQw

    gZ8wDQYJKoZIhvcNAQEBBQADgY0AMIGJAoGBANtEwzihXIbXJSpb+cxLp/Vw2eKD

    tdjAZDZPfi/uSi/VXw9mMJgWqE4CnxCaZDO5OVGLeYLZidibtvVTxuP/yws43+A7

    edTbOlOEoI8E7cB6lLdMY9xUj88ijVQ9fCntLTiXVziPUwHnWZ38mkzVVBwE/42+

    fRhtomhAss5UyP1pAgMBAAEwDQYJKoZIhvcNAQEFBQADgYEAekn26hlJL8t3LGtp

    BAKZCa4V/QNG2rvklz8xs7J334fHX+4siwq9XghDbyH/HmDUB2Z87iHZoB85/amP

    XTBDylppW86ntZVdvV9ka8951Emxp8PNsdLmDKXwEaFH0iZ6U+JbTB1kus4pIteX

    qviTGh0F2gXKw2tGkPveFMTDaV0=

    -----END CERTIFICATE-----

    ', port: 444}
- {addr: 199.30.137.177, clean_cert: '-----BEGIN CERTIFICATE-----

    MIIBuzCCASSgAwIBAgIETrprMTANBgkqhkiG9w0BAQUFADAjMSEwHwYDVQQDExh3

    d3cuM2M1endkb3g3ZmMzMmNkci5uZXQwHhcNMTExMTA5MTE1OTQ1WhcNMTIxMTA4

    MTE1OTQ1WjAhMR8wHQYDVQQDExZ3d3cua3FjNGNkeGJjdTZ2bGUubmV0MIGfMA0G

    CSqGSIb3DQEBAQUAA4GNADCBiQKBgQDccUkcpTEED1wdkoZaR8v84mISyPyhEtYT

    dHjVj8qsrNz3TmgwEDCdN4h1REu4hLAz3EhJRzUvvS0W9bUxw+zp46ciNnHOrt+D

    cTZ/pqefUeyklC0Z/NuEgVm0Hn85uHEIilDI9NiD95MCx7eml42un1phasZUb/Z/

    NNt1oSLlsQIDAQABMA0GCSqGSIb3DQEBBQUAA4GBAIjaPVBd6kBWWeyEYUCJRg5y

    3hEx6iMd7RDHcalCvdj7oBm2bCqM0NzptuFD9cxswL3lVvfTSoql28h8v2ExmzqM

    zNr3FtW+xVSde7aTKA09qj87NlFBqhylneKz4QVjfyZ8uf4zUwzsb4y//d3e1haw

    3akicFvxFC9D2FhCdNDT

    -----END CERTIFICATE-----

    ', port: 9034}
- {addr: 109.107.35.154, clean_cert: '-----BEGIN CERTIFICATE-----

    MIIBvDCCASWgAwIBAgIETrp9PDANBgkqhkiG9w0BAQUFADAgMR4wHAYDVQQDExV3

    d3cuand3a3JreHRhamlrdC5uZXQwHhcNMTExMTA5MTMxNjQ0WhcNMTIxMTA4MTMx

    NjQ0WjAlMSMwIQYDVQQDExp3d3cuZWx3cjIyamU0eGI1aGVqNTN2Lm5ldDCBnzAN

    BgkqhkiG9w0BAQEFAAOBjQAwgYkCgYEA44EBk3D+Dq5qgktIHcG1oRGxWWHnifDk

    M65QOM2kLnyyyIAh/zyvu+ynpZSQnDC6CYl51NQJk1xRb0KxIW5RcZrAd8VKMFsO

    DadgZkxwHAtnvX/S5YnK+QhuiZuMq6tvSnJG1LaXOyykkoHbjBWUMGk5YG3gW6eE

    6T4OetEFIGMCAwEAATANBgkqhkiG9w0BAQUFAAOBgQCFFIAbjKQbq/8l5PZVOv/5

    6I3dECPerHnobzXKAhCTpKLqEaPIhyIqB4rA7Jmb5ZCPYBTuPxwd2+QYO3A5JxrS

    qvjbDN3G6iNs6uGCIQKCOItsPx1O51RQx920hagL0tDZz+fTlEcilkM4TyGs9vnq

    NM3pM7fUNdNhZJwXpxEzOA==

    -----END CERTIFICATE-----

    ', port: 443}
- {addr: 201.218.218.198, clean_cert: '-----BEGIN CERTIFICATE-----

    MIIBujCCASOgAwIBAgIETrp3XTANBgkqhkiG9w0BAQUFADAnMSUwIwYDVQQDExx3

    d3cudWJ5dTNhdzVxd3d5ZGh5dHRrb3IubmV0MB4XDTExMTEwOTEyNTE0MVoXDTEx

    MTEwOTE0NTE0MVowHDEaMBgGA1UEAxMRd3d3LmFwbm1ubHl5ay5uZXQwgZ8wDQYJ

    KoZIhvcNAQEBBQADgY0AMIGJAoGBALdj7aM+KXwXMMaxg33Fx0JoVDLMLW7Y2ivU

    duvRtnhvDC322KiZycb6ntkiaCqSJHu7tTB7/qdp9tq0Cb0uzJAXCY8tQBhWGRMC

    7XWrdLRFYW6mbu050fW0opFDEARlmrsV4Jo0T34x4TKl9b0jrXO1i36yENOB9Ihx

    TNbjw2LNAgMBAAEwDQYJKoZIhvcNAQEFBQADgYEAtAe/0BjPvcFKTl6l3p4mIZhk

    IEgwQNsi6h/fIfI4oT5qwouUgwkaIRVDzqfg/GG4s2ISLxJbXNHdrQRvs9p2T+DZ

    Clh6gfqTCydVoX9A0u9zMB5FQFxsXLnXQWVrcJ5yw/qv4/kse+/BXB7WCJVgcs5i

    06F8YYTBSYfmP5cPFW4=

    -----END CERTIFICATE-----

    ', port: 9001}
- {addr: 212.112.241.30, clean_cert: '-----BEGIN CERTIFICATE-----

    MIIBwzCCASygAwIBAgIETrpigDANBgkqhkiG9w0BAQUFADAnMSUwIwYDVQQDExx3

    d3cuY2FpbDR2ZGl3Zms2Y2JhdW9ld3MubmV0MB4XDTExMTEwOTExMjI0MFoXDTEy

    MTEwODExMjI0MFowJTEjMCEGA1UEAxMad3d3LmoyamRlYXE3YWVmNmxuNm43cC5u

    ZXQwgZ8wDQYJKoZIhvcNAQEBBQADgY0AMIGJAoGBAKrXgAvFNW/7A6GLgFIP44QR

    050qPgAFERtSBkFYjK88knQkWq5288AMbgx9Ywr9izBjBKd8LB3plusaYVMgIrNl

    OIZ3WwXFigfVW0KV5yVbmvNtu11DSaajYQk7jyG6XectCd3waRYcl7r4oR268NoW

    dpsdJA/splB1v5uN/TWnAgMBAAEwDQYJKoZIhvcNAQEFBQADgYEAD9ltbLY8fYfD

    R+R4D4MbsadH4aI2cP4sX1cgNSOdm3TW57KQAvumq3m+x8TOo5BCi+MuYN0sMcj3

    3EBCwU7apJHC2O6zAftjTwyzPXig/B3v9VwyTvs/v3KF8fSMEX91/MrbGLBx1z11

    DU6QjGZ8tt2nUUFAjcScxUF3q18UDME=

    -----END CERTIFICATE-----

    ', port: 9001}
- {addr: 50.105.27.216, clean_cert: '-----BEGIN CERTIFICATE-----

    MIIBtDCCAR2gAwIBAgIETrpnATANBgkqhkiG9w0BAQUFADAhMR8wHQYDVQQDExZ3

    d3cudGFpeHhmemZlbWhhZG4ubmV0MB4XDTExMTEwOTExNDE1M1oXDTEyMTEwODEx

    NDE1M1owHDEaMBgGA1UEAxMRd3d3LnJ2NzZsNnd0ci5uZXQwgZ8wDQYJKoZIhvcN

    AQEBBQADgY0AMIGJAoGBALe8gMmDGZWv/3+zH74x7HnD7p7I1Cd/y3tIwkZK9CEz

    ToXZhr8+Sez1hftlLyo/FqIWM7GjCVTJB5YuN0PKMxDnT4nVEDar8fIgRDw8pmwZ

    BTbLBTTKUEEr0OMGjsbvmjeLPERrQ+ByaEl3Qg/5t2/tEXyqJVBtqxgQzOzIbaV/

    AgMBAAEwDQYJKoZIhvcNAQEFBQADgYEAYmBKYcn1yhWefOi8hgtf+dv6SGgoAGXR

    7S3PkcD8JwlUyRPAQWr0jV8gMBOdTvBdr6cqrlmxY6DuFPMpUTRGURY/KTW9LvSE

    nENYgi3FAEX/ixCtLlCA89w1wNRBQssHvl3fTSFW66uEFVQt/HRcFmdD3LxKsl9s

    mjc4S5QPBsY=

    -----END CERTIFICATE-----

    ', port: 9001}
- {addr: 83.169.34.45, clean_cert: '-----BEGIN CERTIFICATE-----

    MIIBszCCARygAwIBAgIETrp+BzANBgkqhkiG9w0BAQUFADAdMRswGQYDVQQDExJ3

    d3cuenU2YzJ0Nzduby5uZXQwHhcNMTExMTA5MTMyMDA3WhcNMTExMTA5MTUyMDA3

    WjAfMR0wGwYDVQQDExR3d3cuY3N0NWxpeG5idXZoLm5ldDCBnzANBgkqhkiG9w0B

    AQEFAAOBjQAwgYkCgYEAwp4JGZ+JVtHOu7TosxFUA24B4OrI9jg2Z/n44bK97MHh

    gifkodOwTrZpW1fmrc0CXGjARHvLXIddTylsyXfXuGYMFXlkFwdmO+rLUuelE9ig

    KOGTqhD++xgaJU6pkiwFQ3TvLbdO+d05f4RvuDqg8OMXg9P2VfE+waP8RLMUNJ8C

    AwEAATANBgkqhkiG9w0BAQUFAAOBgQBXjJS2LaLI5c7E91gI6mf81BJ0u/7jdn3v

    j1d/LwDVTwhBxGj3rfzIKA3TJR9JR3rKNoWhXw/EXGJvlZn2+oFrUPCqX+52h4V4

    hwga9xVYON1xHNjHQBA9XyWmiAGbUhx37+nbh/Lp2P8elqxK/uJLwkIfqGbXsZns

    6YU22/cSHA==

    -----END CERTIFICATE-----

    ', port: 443}
- {addr: 46.28.111.135, clean_cert: '-----BEGIN CERTIFICATE-----

    MIIBsjCCARugAwIBAgIETrp7vjANBgkqhkiG9w0BAQUFADAcMRowGAYDVQQDExF3

    d3cuZHJ5am01ZnBxLm5ldDAeFw0xMTExMDkxMzEwMjJaFw0xMjExMDgxMzEwMjJa

    MB8xHTAbBgNVBAMTFHd3dy4zbGdwa2FmbXhmZnAubmV0MIGfMA0GCSqGSIb3DQEB

    AQUAA4GNADCBiQKBgQC+XUlHZ3qewLDJ/FA9g/AiDUU7yIk/J8Ikg2E40FyJFdWT

    UiKK74yM6c46ufUaRUmbD9e6rvzFC3Mp6xmxNgao0Ae/GhubdHbYsc+Z2TneAT8+

    QAAuRaAN6OA1wCaU0nwhIIege1dXZoQA04L2pFXc5z4UoqvztVsdcF8Trm5wewID

    AQABMA0GCSqGSIb3DQEBBQUAA4GBAHaCGjL1M3QoHN+NfIoTlZ6XNcj//0F8HWwf

    Hb1HytLWgBQ4x7UdSVvrMPHF0Cg1nePpU28HTxsNoxQmJ3miDRNPX9qbAws5PlUZ

    TKyYz5nnsFzpMvnNiB+FJQVFjxJGadtbWCp5dc2oh8SaAHo5COuXSPUA+b14z0Dq

    lIfMp6qP

    -----END CERTIFICATE-----

    ', port: 9001}
- {addr: 82.239.20.174, clean_cert: '-----BEGIN CERTIFICATE-----

    MIIBsDCCARmgAwIBAgIETrpmTTANBgkqhkiG9w0BAQUFADAeMRwwGgYDVQQDExN3

    d3cucjZmejJpMmd1a2cubmV0MB4XDTExMTEwOTExMzg1M1oXDTEyMTEwODExMzg1

    M1owGzEZMBcGA1UEAxMQd3d3Lmh2enUyamprLm5ldDCBnzANBgkqhkiG9w0BAQEF

    AAOBjQAwgYkCgYEA1jGMM6Mlh13EPo0lNgj5OAeAdLR4nxyGemsTuTW2sTya7CUu

    fmyY3I8t06TOTljda3jTDUnUkZst0gvPuGZIxNyyt3UjMEO0J7b0xyqUGtT/B45i

    bX9wqrgnQGiTplqKBjAzxBIqZgKarfRlQwCE+4d7CRreFMkVF/QkNeYwAxcCAwEA

    ATANBgkqhkiG9w0BAQUFAAOBgQAswKhxBEmUnMJE2Z5U8SoV8fph77hf77VQEfr3

    LULppNDt+K5OsDOpS7yKvjyWkJDGiRgv79+7WeD2PVOWabngFZMVorykjsYBQMPv

    ILB1qLW1mMrzmWdSNZuFLuXovmBBbGykTEdKsef403m4vGTGtrKZ88cuz/06jnNM

    uqBvFQ==

    -----END CERTIFICATE-----

    ', port: 9001}
- {addr: 213.93.98.86, clean_cert: '-----BEGIN CERTIFICATE-----

    MIIBujCCASOgAwIBAgIETrp5KTANBgkqhkiG9w0BAQUFADAiMSAwHgYDVQQDExd3

    d3cuem42YWdpd2F0djM1bTVmLm5ldDAeFw0xMTExMDkxMjU5MjFaFw0xMjExMDgx

    MjU5MjFaMCExHzAdBgNVBAMTFnd3dy55NnVhcDdjaHlrYW5qbC5uZXQwgZ8wDQYJ

    KoZIhvcNAQEBBQADgY0AMIGJAoGBAOzqMstXan5I+QbciqeIcqw9qWaodjl/eMVB

    arEU/TrfT32wBzOPKvwDAPWdP/1YxIyPM8nI0u0Z95iRIb0PS5VVUQ/X0sECw1xf

    vSJ5FWZT86EsHf4JNq1UQaEbZKyAAcIfflA7OqXxCxh9KCHFsZ6Fg02If1UCalON

    oiUTlgLDAgMBAAEwDQYJKoZIhvcNAQEFBQADgYEApSkE83pShyZ+44xIERxjfIzp

    XUC2+G7W6dOr2u0hGPwJXk5yennSPGjXeZGBm4QyYPL+lKtJIaSuax/Yh2aSsbYr

    1m8Lchz6wXUw15kMw9gXyb7OzR7yod8gL6kWpPMtA47uBJKqMUwH+eR1dU7eaJ+1

    2OdsIUfjneLMthWtlk0=

    -----END CERTIFICATE-----

    ', port: 9001}
- {addr: 68.5.32.166, clean_cert: '-----BEGIN CERTIFICATE-----

    MIIBsDCCARmgAwIBAgIETrpyZzANBgkqhkiG9w0BAQUFADAcMRowGAYDVQQDExF3

    d3cuNGYzdnF1ZWw3Lm5ldDAeFw0xMTExMDkxMjMwMzFaFw0xMjExMDgxMjMwMzFa

    MB0xGzAZBgNVBAMTEnd3dy5qdGpmdmltMzJ1Lm5ldDCBnzANBgkqhkiG9w0BAQEF

    AAOBjQAwgYkCgYEAusm2dLI09AhRrknRGeNjqg3HvefEUKWjUIc5h+126RrYP0LR

    t1lAFqfWasNbQ05eNfXz8C/nXFCFqBcbZRsAEe1Sye1TUhkoY6iax0GqtCG0Tw8h

    NMfWYyCQkr5OjPQ4g8FYVvWyJgZha85QDfoOChZjsOe9DTQ5RT4WM0P5+G0CAwEA

    ATANBgkqhkiG9w0BAQUFAAOBgQAL24cBMCoV9AwahjhuqQhTno5NAl2Gi24TLP2W

    OwC8LufILePznIX10J+XZ7AqSg8X7DayDNP2IhBwsDz5cdLz766MAb6o99giC+Ei

    mdFYXtRNRX0s4p+1elWnuEO05ITQhKIsPGuEfXqwrkCGoQ4/MAN6Ner51H8gcU7r

    R6+SIA==

    -----END CERTIFICATE-----

    ', port: 443}
- {addr: 173.255.216.59, clean_cert: '-----BEGIN CERTIFICATE-----

    MIIBwjCCASugAwIBAgIETrpsVTANBgkqhkiG9w0BAQUFADAkMSIwIAYDVQQDExl3

    d3cubHgzaHB6eWNneGVuNm00M3QubmV0MB4XDTExMTEwOTEyMDQzN1oXDTExMTEw

    OTE0MDQzN1owJzElMCMGA1UEAxMcd3d3LnZqazdrcmdkMjdxNzZ1eGx1bnBvLm5l

    dDCBnzANBgkqhkiG9w0BAQEFAAOBjQAwgYkCgYEA7Mhm5BHppe8GpQvSJ//0WsHx

    4SyZZTxqCn4ONNRQ3jDkz3XemYFPdufrmiz8RG65+x2adiYuq1gI8M6mo9z1vY7A

    sCtlIj5T9ZZId3dV8aPPA6AAlb2bSUEwqHvlrHq0RxPlu+k6farMPF9GVHwS2+QO

    lbahWF32HC8uNdJyglUCAwEAATANBgkqhkiG9w0BAQUFAAOBgQBsJP7wjHVf1S+l

    Jqqx+7ylrNKnKowQDBeoWvGPkT+UtE7o5td3ky3RNS0jW3X8BYRJ4GbuoLdG5YyY

    giDoDW7PQqJMVsKEpXD2fIt8HwzHGBTwGcMDiF389a090T764WIvhCHUs14fr+K6

    7jZ1Ba2h/XSt3K7NHV4zMTeTHytt8Q==

    -----END CERTIFICATE-----

    ', port: 9001}
- {addr: 71.178.19.93, clean_cert: '-----BEGIN CERTIFICATE-----

    MIIBtjCCAR+gAwIBAgIETrpx/DANBgkqhkiG9w0BAQUFADAeMRwwGgYDVQQDExN3

    d3cucmNqdWhpMnVjbXIubmV0MB4XDTExMTEwOTEyMjg0NFoXDTExMTEwOTE0Mjg0

    NFowITEfMB0GA1UEAxMWd3d3LmY1bm52em03YmRjcGZxLm5ldDCBnzANBgkqhkiG

    9w0BAQEFAAOBjQAwgYkCgYEA7/lIqmCRbToN6t42eqWrIPeFtdnt36q7v1BtUiSo

    lv4Ng2HTdJXBdwMUj/Wgj3XUbp2niifwkRLUEyvt0O1THNPg3D72uI/Cu5aAKQP1

    nCpavb6KO9XKolCNswq4RjirB+5DQgBl5zJ1Wk3cqUu1L//tPJF4VCDFzQ/PCxcr

    rtsCAwEAATANBgkqhkiG9w0BAQUFAAOBgQBdpdKCvemhRbpypBM+ftl1ehluHuQ7

    I02PNOw6Dowsu2RDcPhPgCgDOztC/xTHQS3KNUzwP6svr2jxPwHdgxbSEfEa1JjT

    iSJfByF9xUudhjdZZS628M+JVPO1JIYCqXz5N8vBT4j6/kVmX1VX2qKjyX7ScfwX

    NfRwXVOUCi/nGw==

    -----END CERTIFICATE-----

    ', port: 9001}
- {addr: 81.169.157.6, clean_cert: '-----BEGIN CERTIFICATE-----

    MIIBvTCCASagAwIBAgIETrpuADANBgkqhkiG9w0BAQUFADAiMSAwHgYDVQQDExd3

    d3cuZGJxNGh1dXplenEyN3VsLm5ldDAeFw0xMTExMDkxMjExNDRaFw0xMjExMDgx

    MjExNDRaMCQxIjAgBgNVBAMTGXd3dy4ya3c1cG9zYnQ1YnZ0Y2J4dy5uZXQwgZ8w

    DQYJKoZIhvcNAQEBBQADgY0AMIGJAoGBAMaPoal/4tawGW76PYCNVoywQ3Q3kMqV

    iAqtaahUFGwq1mWrUY+Bp0oXdvDmcDw/pTJ5bMVv+HYIDHxxlWvurirsEU0o1bim

    ZKirLXCSyFUQvQhSuzWwzs9AVa1gdWYqaDHvJRiBQOgqoA3fx7gCbF+WZs+HSs6e

    5mkeoQ79hwYtAgMBAAEwDQYJKoZIhvcNAQEFBQADgYEAshWPwN5rKgeNa8f/YFMZ

    P4QBrtopCmEmVDR0wi4sAWhd9SpwwxwC5cz0gRYCv6QHk95pfwd1smJB/hHCUyP0

    ZtfbZFCm3K/Q8g/xyO/K3ryzUisCe48K9pMbmd9OIf2PeFGiYK9tLP9g6zHx2JyL

    xvR+2euVGJLhA7j9tazaPr0=

    -----END CERTIFICATE-----

    ', port: 9001}
- {addr: 87.225.253.174, clean_cert: '-----BEGIN CERTIFICATE-----

    MIIBuDCCASGgAwIBAgIETrp8nzANBgkqhkiG9w0BAQUFADAlMSMwIQYDVQQDExp3

    d3cubTNoemVpbnRkYXJ5NGx1c3p2Lm5ldDAeFw0xMTExMDkxMzE0MDdaFw0xMjEx

    MDgxMzE0MDdaMBwxGjAYBgNVBAMTEXd3dy50Y2x1b2NmcnEubmV0MIGfMA0GCSqG

    SIb3DQEBAQUAA4GNADCBiQKBgQD3WW6sDCbiXsjyHlSrVLiauDqeOrlNrvSlnQ52

    BWlFTyrh4Awy/SoFeKK7bYu9ShBEj37bLUeMmGuz16SnsHB3FQpSYb843eKaI/n3

    vgiv8Fztrzb6JBQyVSoyoKgnvQ74JiXQLXQQszCTQgnM1QiaGf4pqFBbGLEP1lts

    wpihCQIDAQABMA0GCSqGSIb3DQEBBQUAA4GBANCfHZR/T7v9O1sEoobfd+A//dSA

    w99LawOGod0+TM8otIC6IsG/rNfXLu0wUzx2LdSqDrYNOwPt09e+MW85DvHLgdPE

    JQx9pIqGg1GLLGaWTYow+RIcigqsPWXTKWUj8eAcWWuVliBHDjRAOcpl5MMeAi0L

    kRZAzKKx7ZMfZxUP

    -----END CERTIFICATE-----

    ', port: 443}
- {addr: 174.138.163.86, clean_cert: '-----BEGIN CERTIFICATE-----

    MIIBuDCCASGgAwIBAgIETrp4ZzANBgkqhkiG9w0BAQUFADAeMRwwGgYDVQQDExN3

    d3cuYWxnaGxyNWt3ZXgubmV0MB4XDTExMTEwOTEyNTYwN1oXDTEyMTEwODEyNTYw

    N1owIzEhMB8GA1UEAxMYd3d3LnB1bnltM3R4dHVpc3N2Y2oubmV0MIGfMA0GCSqG

    SIb3DQEBAQUAA4GNADCBiQKBgQDD4gE1xDsnQRUG8o30KSiQlaQwMRHvj4jevpmZ

    4r4E1ES2KuZ5PQD8jaXVo9naxqSSl2FYYmQLiNAsJNNs0EeV9aQnFS0EWVncZe6z

    aW7GKpJBHRpgYdr0tlv1+9uHcUZQ2JnEkpwe4sGV52jkQln3jHYWheKMw/dpu/gz

    3Q6YBwIDAQABMA0GCSqGSIb3DQEBBQUAA4GBAEYguNpti1yKYIBtqCs5en8HXQGM

    QyB9IsYgNj2FZxlH0N3OO348SE7WOhnN6qLVCWQ9bCzgzKNQ1KCT0vO3V7IZYgOA

    GKTLoTqRJyTq9lyuje5UsER3xm4aWnqNbIngHQrspMTl0ARNTXWCpi2CdBiddLZc

    Dp39ROkO//e/efyp

    -----END CERTIFICATE-----

    ', port: 110}
- {addr: 173.255.216.59, clean_cert: '-----BEGIN CERTIFICATE-----

    MIIBwjCCASugAwIBAgIETrpsVTANBgkqhkiG9w0BAQUFADAkMSIwIAYDVQQDExl3

    d3cubHgzaHB6eWNneGVuNm00M3QubmV0MB4XDTExMTEwOTEyMDQzN1oXDTExMTEw

    OTE0MDQzN1owJzElMCMGA1UEAxMcd3d3LnZqazdrcmdkMjdxNzZ1eGx1bnBvLm5l

    dDCBnzANBgkqhkiG9w0BAQEFAAOBjQAwgYkCgYEA7Mhm5BHppe8GpQvSJ//0WsHx

    4SyZZTxqCn4ONNRQ3jDkz3XemYFPdufrmiz8RG65+x2adiYuq1gI8M6mo9z1vY7A

    sCtlIj5T9ZZId3dV8aPPA6AAlb2bSUEwqHvlrHq0RxPlu+k6farMPF9GVHwS2+QO

    lbahWF32HC8uNdJyglUCAwEAATANBgkqhkiG9w0BAQUFAAOBgQBsJP7wjHVf1S+l

    Jqqx+7ylrNKnKowQDBeoWvGPkT+UtE7o5td3ky3RNS0jW3X8BYRJ4GbuoLdG5YyY

    giDoDW7PQqJMVsKEpXD2fIt8HwzHGBTwGcMDiF389a090T764WIvhCHUs14fr+K6

    7jZ1Ba2h/XSt3K7NHV4zMTeTHytt8Q==

    -----END CERTIFICATE-----

    ', port: 9001}
- {addr: 80.244.241.9, clean_cert: '-----BEGIN CERTIFICATE-----

    MIIBuzCCASSgAwIBAgIETrpzUjANBgkqhkiG9w0BAQUFADAnMSUwIwYDVQQDExx3

    d3cuYndjaXJ2a2k0dWNqc3FtaXR3b2kubmV0MB4XDTExMTEwOTEyMzQyNloXDTEy

    MTEwODEyMzQyNlowHTEbMBkGA1UEAxMSd3d3LjdoZmx6eHVwaXQubmV0MIGfMA0G

    CSqGSIb3DQEBAQUAA4GNADCBiQKBgQDAd2z2V8KfAjqnV2d0FwkbBCs/B7oS6Cc8

    dWfTyQPK3U+pkV3rjfZVKCdtCfpsjAHiy5PAbP3RFnOjV2NOqCt4My0NT9CfGm5o

    vauNk6R34BKIsZyRDMFXbPbGa1fIis2C7M8MVDCIVDrf6BHjLpvH0p5acyAxce7P

    E8sFMkiytQIDAQABMA0GCSqGSIb3DQEBBQUAA4GBAAaDkYhQKcYy7GSVTeNnljE9

    StSnvBE5JaCt73gsmVVHMj/32K+IJ8KML/3XJDH7J7TuUSdP+gYYCY8SBfNsZa1s

    nAxyCY43Uu9JMTRqfUgOf05GOrXshIIkPX1vRtYgYB1MHMHLRt75iGcIdnk8FXwg

    j/4SadAxZ/FueeRKbARK

    -----END CERTIFICATE-----

    ', port: 9090}
- {addr: 91.203.15.142, clean_cert: '-----BEGIN CERTIFICATE-----

    MIIBuTCCASKgAwIBAgIETrp0UDANBgkqhkiG9w0BAQUFADAhMR8wHQYDVQQDExZ3

    d3cudXlja3NiaXB2eDdvcTUubmV0MB4XDTExMTEwOTEyMzg0MFoXDTEyMTEwODEy

    Mzg0MFowITEfMB0GA1UEAxMWd3d3LmNudWhrYXpwaWFmZzU3Lm5ldDCBnzANBgkq

    hkiG9w0BAQEFAAOBjQAwgYkCgYEAx5RHgfb3cPkk2ddf5OLJw/jl9eJnq9bxrMCc

    UZ6JzLg4FSXdzCDlZss6yAGCAjOOt469vealt4Z2IQIfc6nSSTz7nMVg0SiMR334

    L7IMu6oISYQDnGaPrZyDRYB9OOZi41Xt0KvD6lL26p2yQHUM9XdymPGDCPYW5WVE

    tSxsC6sCAwEAATANBgkqhkiG9w0BAQUFAAOBgQB0OWf9fX95PELXzKIqyTl7SC2W

    67M3ndr/KCLjKz43G3y/znIO4urdwO0ok4jTHF/EiOIgBs6o8v/TuYC+SKT7y/yB

    n2iuXueZ2SBXuaxTKaHynL1IkuPdNLs4SUzD9d6jDXvCD1sJmNtj+rDtyJy58WKk

    atamHHtpajoQ/qr+NA==

    -----END CERTIFICATE-----

    ', port: 4595}
- {addr: 76.112.201.86, clean_cert: '-----BEGIN CERTIFICATE-----

    MIIBtTCCAR6gAwIBAgIETrp2azANBgkqhkiG9w0BAQUFADAfMR0wGwYDVQQDExR3

    d3cucmRoZHFxNHZkdTY2Lm5ldDAeFw0xMTExMDkxMjQ3MzlaFw0xMjExMDgxMjQ3

    MzlaMB8xHTAbBgNVBAMTFHd3dy5tYnR1b2c1cHg1dWEubmV0MIGfMA0GCSqGSIb3

    DQEBAQUAA4GNADCBiQKBgQDM762b7kJNSL8ueXQbGUG9R2zSbBYmMzBEulJleM8b

    K+fEHu9S0d0tcAVDwbelIeOwu6NEMRVV7NxS1EBWnpYow1mnYKbABskQQ2J5p8en

    y4X4+rVRzWMhpewl7321xkMQ2JDxIp54mZGieDJtJKRya2ATrpVM3FFJ8Di+iIJY

    nwIDAQABMA0GCSqGSIb3DQEBBQUAA4GBAHmxCsAPxrJERb0JufsvBwVH3ARKhBLh

    EsthD1Ku0N5sI677+U74tSgi3Dc6tzbMapMUYkgY9pKpfZ6vjq0vTdzOVh4QIMfm

    j8Dn6lr1qiWB4Jtsg6GZ0rZWN6NZBo91fYmebKjcoQ85YOQ2l5/4E30TDYnhkBG0

    FrK4N6oAwnvg

    -----END CERTIFICATE-----

    ', port: 443}
- {addr: 91.194.85.222, clean_cert: '-----BEGIN CERTIFICATE-----

    MIIBtjCCAR+gAwIBAgIETrp8fTANBgkqhkiG9w0BAQUFADAeMRwwGgYDVQQDExN3

    d3cuNHdpY25ucGlwb2YubmV0MB4XDTExMTEwOTEzMTMzM1oXDTEyMTEwODEzMTMz

    M1owITEfMB0GA1UEAxMWd3d3LnZvMmphaHBnaHgzNjJ4Lm5ldDCBnzANBgkqhkiG

    9w0BAQEFAAOBjQAwgYkCgYEAvVa3SmoKm6iAIerd2eRGmMVv8KphcNvJHIsmJjhU

    8VxpvrvbDGpm9snXBa6GG2D/M6MzGanH6NUVVwpfY8uLyYkjVNaUofoCGhhNKUl0

    0IA9c5VQN60SIVLGEKwjBuXO3VOCbMFh1SDUQLjSERu26k2D268Eh3CdrEUrAaNe

    nf8CAwEAATANBgkqhkiG9w0BAQUFAAOBgQBav4ptnPmJKC18Wa494Qx6Xzx9ld3m

    n9fXcT+9hljybxGHstmmUFpCuL20xC8HtnofJ8mIMT531sQegyJMH99e04jJpLoS

    70GJZ30DZRfWL0bQ3cd70BgT0mTOYlSSuINXSm/736pNMwSJz6auDIAkP12XeTlK

    2u7MA0XoIrW7bw==

    -----END CERTIFICATE-----

    ', port: 9001}
- {addr: 82.32.73.43, clean_cert: '-----BEGIN CERTIFICATE-----

    MIIBujCCASOgAwIBAgIETrpnODANBgkqhkiG9w0BAQUFADAnMSUwIwYDVQQDExx3

    d3cuaHdmNWw0bmlyYWhwbW0zeGFvaGwubmV0MB4XDTExMTEwOTExNDI0OFoXDTEy

    MTEwODExNDI0OFowHDEaMBgGA1UEAxMRd3d3LjNzaGd5NWE2dS5uZXQwgZ8wDQYJ

    KoZIhvcNAQEBBQADgY0AMIGJAoGBALakLMvyt/ZSbM2/35BfxhVDjbguFS0VVa9O

    H/Jv/fsEE50woWWjjRIs3Euz+AA20FFlSKIzeR2ebSIKMdGia2rrLcbq0GnRQsIZ

    UiG5/NhDTTW3yftS1i5ADToF0OdhrnfuvcvyICZMAorW7hX8b+YzqyHA0F8Etekt

    PdZPsUr9AgMBAAEwDQYJKoZIhvcNAQEFBQADgYEAHwJkNdsGIZ0tykWjmAR0VMSM

    dpfFNF1ytDKKWa/DuyMa8gp2Bu0HnIj2AULWP/poTEeb77bR9wjVJc1+IcK5ZzrS

    DKD4XEP5qaW9C0PW7bGArHH9Ge7jAj+CsnSEDy32xOiJl8oUtq6KYZgVgZIpHNkX

    8dI3xHMDqTWcCRZytDQ=

    -----END CERTIFICATE-----

    ', port: 443}
- {addr: 95.143.192.159, clean_cert: '-----BEGIN CERTIFICATE-----

    MIIBtTCCAR6gAwIBAgIETrp8uTANBgkqhkiG9w0BAQUFADAhMR8wHQYDVQQDExZ3

    d3cudmtoa2c2bmVxNGNpZzMubmV0MB4XDTExMTEwOTEzMTQzM1oXDTEyMTEwODEz

    MTQzM1owHTEbMBkGA1UEAxMSd3d3Lmh4cXR3dGN6aGYubmV0MIGfMA0GCSqGSIb3

    DQEBAQUAA4GNADCBiQKBgQC2TVxKwWBxxpefKzKvyRb/gDjupD1IEVuMJYnBgFWt

    OI3cJLx9MlO0Ih/qWQ+hwxj21IvIlpaTy7OrP6TWjA8tcchdRDxs9mzd9wAUlc3R

    CVSy/K9etHkYv+h0IthlMeCuhBeOZXlQpeLgyzkb/EjlxeB3DSYAvIJZ3u1YoFEj

    kwIDAQABMA0GCSqGSIb3DQEBBQUAA4GBAIpm4+q2QLkqFcatyPn/7i/0V2j2/2fW

    Mvj/JpmSdpA3jriy/nyjP5+7GeYFSolFEfrdUnQWMBlhxMtWXvB5nea20R253PWe

    OLNJv1TGP8ZnrvBuSK4HE2NnZIGkG46ddYfDtS7+taDzxt2Z/5SHdMbqKitqFnfO

    MwV3OPrNUAFm

    -----END CERTIFICATE-----

    ', port: 9001}
- {addr: 217.140.252.43, clean_cert: '-----BEGIN CERTIFICATE-----

    MIIBtjCCAR+gAwIBAgIETrpnLDANBgkqhkiG9w0BAQUFADAdMRswGQYDVQQDExJ3

    d3cuN3ljaDRlZmR0eS5uZXQwHhcNMTExMTA5MTE0MjM2WhcNMTExMTA5MTM0MjM2

    WjAiMSAwHgYDVQQDExd3d3cuaXRuY3lpMmJ5bDRlc3lhLm5ldDCBnzANBgkqhkiG

    9w0BAQEFAAOBjQAwgYkCgYEAnmQ+Sj6niDgWl1KhpqmSSECHvhTEwoSBL8etF9Pw

    yLuIS2f6aoX+Xm79mJRvYalJS/dTyde8ZcPGc/TX9bTqGF0WV7r3sCvtiZQHYnLI

    Y5DCfXL2vLwuMGsO1gv4ThBMWp902trQUG3ZXehbw/GKUncErD39d78/+mMHkRoJ

    gokCAwEAATANBgkqhkiG9w0BAQUFAAOBgQByIfbk49FkoQJ9r+Fd5uMPa55CpywA

    cFeH13w6inti+Ne1hpNq2Pt698acgKd+kZWTa9TO9DL92TFuya1Lz3MFniK9w89m

    pQc9oAXJ+LSHiHcFD/0KjMDt4KpwbGcgWXWqDzxGPLqeZ1dr4QfHe0wx5DFmQ0Mg

    ZJyipbS+DPCokQ==

    -----END CERTIFICATE-----

    ', port: 9001}
- {addr: 83.249.214.255, clean_cert: '-----BEGIN CERTIFICATE-----

    MIIBsDCCARmgAwIBAgIETrpzljANBgkqhkiG9w0BAQUFADAbMRkwFwYDVQQDExB3

    d3cuNGMybnF5dWMubmV0MB4XDTExMTEwOTEyMzUzNFoXDTExMTEwOTE0MzUzNFow

    HjEcMBoGA1UEAxMTd3d3Lnd2eHFzNHFocmcyLm5ldDCBnzANBgkqhkiG9w0BAQEF

    AAOBjQAwgYkCgYEAwqwdt6Zzt63vILkL5qh7Z/+kEvRtzNCraWEAUCa6VCBWonAl

    Ci9VC07apiy7Q9TH5Usbjp07ygQLVUCzN8OLmZBCbqcGiBMuylJAgLOSbXVCgkg3

    pMRBoqvduMi/iAbBosLtf3r+U2uADnUyPHgYxoHHNDaojrLbBmxgOffUDrsCAwEA

    ATANBgkqhkiG9w0BAQUFAAOBgQBu89jdxMc23AAo1stwr2bsixmd3cMERUCuMoob

    F1kbPUJeQ+rMQBjVXsUg/a9yg26Gr+H11x3IeNjsp74whm+v38H4VlI4AqAheAlT

    2zOCRnwohE9IxaO40OaH3KDwAsUK5s3Ba/RA77mUHKmea84n8iIcP1LmOM7gxb5R

    U2BySg==

    -----END CERTIFICATE-----

    ', port: 9001}
- {addr: 200.122.160.25, clean_cert: '-----BEGIN CERTIFICATE-----

    MIIBvDCCASWgAwIBAgIETrpjnjANBgkqhkiG9w0BAQUFADAmMSQwIgYDVQQDExt3

    d3cudmRqZ3J5a3dldm9yZWhoZ2JhMy5uZXQwHhcNMTExMTA5MTEyNzI2WhcNMTEx

    MTA5MTMyNzI2WjAfMR0wGwYDVQQDExR3d3cuMmZud29sa2YzdmNnLm5ldDCBnzAN

    BgkqhkiG9w0BAQEFAAOBjQAwgYkCgYEAsvXRZJGlKMMJRwhyCNfiR3qMwoQIpxsO

    YgSFp8q2ToDilGA1Ge0p1p57Mcmtga007vOYVJ6ZGYDGZna+9jUIxi4yp/D1XZx4

    YRfcIOBR8zQtm8NerknMg1T+mpFf1h3+fbu9gQbqGNFsKtMMWZoh4TtITBtzxV1g

    UYyHNeRscKECAwEAATANBgkqhkiG9w0BAQUFAAOBgQBmcNsu86JPMN0j+MNHIHV0

    5pmrR86MYxi5xx/OfDIgEjgcilwJWo1DQIc9+9NKq1/suFTKsUwmlJp3ikN6uW8+

    ZNCqv77Mw3uzbky6g8iMIIIa15wiFTGt07+F6jekhXojvdFSVy+WVqt8P34PcpTt

    iTpyIM0sS/skK7ZgI+zkaQ==

    -----END CERTIFICATE-----

    ', port: 9001}
- {addr: 128.173.89.245, clean_cert: '-----BEGIN CERTIFICATE-----

    MIIBujCCASOgAwIBAgIETrpvDjANBgkqhkiG9w0BAQUFADAkMSIwIAYDVQQDExl3

    d3cuaTdlbXhnNmkzYTNnbmZ6eXIubmV0MB4XDTExMTEwOTEyMTYxNFoXDTEyMTEw

    ODEyMTYxNFowHzEdMBsGA1UEAxMUd3d3LmFrejI0aTRoMzJqby5uZXQwgZ8wDQYJ

    KoZIhvcNAQEBBQADgY0AMIGJAoGBAM49TX0wh4ICqPGLYnW/yUdyyJoYM4hVwlyb

    j83UurLADwMx1P+QQGo6O4lv8RcUPuzU1o7mqmO9uVtWfC+LAv1VaU3BePFvnT5Y

    FH0CVtKtv7DdlN8uEag1SELH8JUQi6gtNKNPWPV0m6NaOEgn/t3fhjO+0GxurBnj

    7wPwryctAgMBAAEwDQYJKoZIhvcNAQEFBQADgYEAfGLQ5alUDUJqQaCwGIvO3vKf

    Cp51HQ8kAtfvmfEiP9eA+p2KdsM0xh4fPgomDhAS6JmOHRj25cMwSblu+eisf+aL

    /rwKFhN0Wb2SqzvcJ3Hw/zkFimlQUc0NjnHpwtZkrZqiGTt66BV6r4Oauhv8F3b0

    Jf0ECMxvsRILOyxAWbI=

    -----END CERTIFICATE-----

    ', port: 443}
- {addr: 82.67.72.34, clean_cert: '-----BEGIN CERTIFICATE-----

    MIIBsTCCARqgAwIBAgIETrp0ZjANBgkqhkiG9w0BAQUFADAeMRwwGgYDVQQDExN3

    d3cuYmdjY2lpbXNwZXAubmV0MB4XDTExMTEwOTEyMzkwMloXDTEyMTEwODEyMzkw

    MlowHDEaMBgGA1UEAxMRd3d3LmdpenlnN28ydy5uZXQwgZ8wDQYJKoZIhvcNAQEB

    BQADgY0AMIGJAoGBAJ7rQO/zqDM80v8NVwQqhOQ1IMcyUYAqPkxz7bQFEjJeoX3K

    jmgJY9P8QyErDTWrBVG9jPusZl4g60v1mAFqDXY9I3uwLgHm9CqjyMvtETHnMUHz

    unsxvtNhE1+U3asjCslcC5MWZQi813rWO4j39FT9R6dkRJSWk3NI5jyM/zSjAgMB

    AAEwDQYJKoZIhvcNAQEFBQADgYEAK20UFFcLgewCgQbLMlq6k4wqXXKjLmvlgyyA

    TH6a7EQNRgGRm1oVwIWN2iDz9SR4RfIgJJKa8CVdvK19qodiuNbk7r5FmnvRFksx

    9Ws8HcBwCZRyNyyna8H7++4OulAdcCJVsmkPu/0uFQqiTmjIf/CWHgtTp8XUhUJG

    jt2BCZQ=

    -----END CERTIFICATE-----

    ', port: 9001}
- {addr: 98.116.32.93, clean_cert: '-----BEGIN CERTIFICATE-----

    MIIBuDCCASGgAwIBAgIETrp37DANBgkqhkiG9w0BAQUFADAlMSMwIQYDVQQDExp3

    d3cuc2UyenkybG9ka3ZxeTVza2lwLm5ldDAeFw0xMTExMDkxMjU0MDRaFw0xMTEx

    MDkxNDU0MDRaMBwxGjAYBgNVBAMTEXd3dy5wamd4ZWJocjUubmV0MIGfMA0GCSqG

    SIb3DQEBAQUAA4GNADCBiQKBgQDSFgohMedxayUL0jMeif0vDltxymBksbPxdsFt

    6WhrWR5/a//P2keVs2nHHGIcnO0GVS34tpoaPozQWuh07m48iz2kO909E8r1Ugs7

    mXYLmg+6LRTmZ7qlmTpHlWzIS6dp9scHUVyzYRtNBqNC53zW9cVFu8r3wGAxfXhD

    0VD9KwIDAQABMA0GCSqGSIb3DQEBBQUAA4GBAClTnf4GwbZgTLoFHGJmrjPliVet

    kLKaSEA4WyAkhZTFtloTYstGKiExoPRed+pL1JMLlMfL3WtcrLeq6gSsMmpxMYAe

    7FNXDWfS9w/phyaqa+sxwxeWKX7jTXze5pKbUl78anwZ15AyLCPzjLRD0FbrnrMd

    upof0leQ7vOq/70+

    -----END CERTIFICATE-----

    ', port: 9001}
- {addr: 173.255.209.181, clean_cert: '-----BEGIN CERTIFICATE-----

    MIIBuTCCASKgAwIBAgIETrprTzANBgkqhkiG9w0BAQUFADAlMSMwIQYDVQQDExp3

    d3cucXY2bzd4ZHc3ZzdyY2FpcnBhLm5ldDAeFw0xMTExMDkxMjAwMTVaFw0xMjEx

    MDgxMjAwMTVaMB0xGzAZBgNVBAMTEnd3dy53bHVhM2d6NWRqLm5ldDCBnzANBgkq

    hkiG9w0BAQEFAAOBjQAwgYkCgYEAswpiAziLJxB+Dh9D31fTd3WT8LmXkIb6RxMj

    Y6uSEu0sjWrcfX/jtA37+92mAmqjGmr+R2D/zTrk0PwYZ23FmZ7ilZqRd8h25/DR

    Bhy83lpyKdZB0rkuBlduFWkMmwEDcQcvXcf5tcARA3ELCPVuk1ZPA/D012qhbl+j

    zKsWBscCAwEAATANBgkqhkiG9w0BAQUFAAOBgQB59BVXfHA1WI0/t34M+ulWLMyK

    ZMWnfi+XVZIbt07X17qEz1kBsYcCPCDcJ6lJ9Rb9rm4xtyHXOMNMzoKuEgKNUZOe

    jaxnWYHo4Ps6vB9KXxxE5esnG9sxdeQd6a1z3PSuE6JNkd7Qoqwzmf8ZXDuBK0B+

    V8j4M5rZYKf1VR+eOw==

    -----END CERTIFICATE-----

    ', port: 9002}
- {addr: 62.220.135.129, clean_cert: '-----BEGIN CERTIFICATE-----

    MIIBuDCCASGgAwIBAgIETrpqRDANBgkqhkiG9w0BAQUFADAjMSEwHwYDVQQDExh3

    d3cuN2hocDI2b3poN3RuY2Nwdi5uZXQwHhcNMTExMTA5MTE1NTQ4WhcNMTIxMTA4

    MTE1NTQ4WjAeMRwwGgYDVQQDExN3d3cuanhmeDVoZmd1azUubmV0MIGfMA0GCSqG

    SIb3DQEBAQUAA4GNADCBiQKBgQC9BgJQLW44I4hrDb7pPozADBfWZivNw3rOYcoe

    Lq0Vu4lZMrg4Iq+H68EcdQD73iYdxfkMU5aGSLPfqur8DX0PsDniikVr193CdTMd

    dWMroymbNBWQcSIzPnnyva/nt0T58j0nu85/NxU4wauMGdYznksBL0S+eXDEvJ9I

    9k+OZQIDAQABMA0GCSqGSIb3DQEBBQUAA4GBAA5P0t71Q9rXcxEGoEqe117JUwgR

    A4InOwqHEqSwKmLWQsBE9nPk1iBF/ad1DvnzC84RTPaPGWDsyVCrDWUkmL4xlI9U

    BzblEta/DD5CJS47zXPvZbZRN6NFMzndk2/TXef1Y65+rwaHJelJXe2kM10EcZO9

    elhDq2WFGBaSBAlk

    -----END CERTIFICATE-----

    ', port: 443}
- {addr: 208.65.181.90, clean_cert: '-----BEGIN CERTIFICATE-----

    MIIBsjCCARugAwIBAgIETrp73DANBgkqhkiG9w0BAQUFADAbMRkwFwYDVQQDExB3

    d3cuNDJvZGN4bGQubmV0MB4XDTExMTEwOTEzMTA1MloXDTEyMTEwODEzMTA1Mlow

    IDEeMBwGA1UEAxMVd3d3LmR2aXpld2RoeGNocmQubmV0MIGfMA0GCSqGSIb3DQEB

    AQUAA4GNADCBiQKBgQDVRiZHpuP84haJUfAut7gMPF3IcDlzbE6sEav2Q+mFbetU

    QWiOjWtQhCeBrA+V8YG0Ul+6Fs1D4f6LR/FFzGSSHA+XNoNNZCfJBREDMVHVCrkm

    /dzm30wZOFux2eSjiDP/tnRA093uPAe0vyCRKvYH0c4lK2z2LU7ScggzHhmBRwID

    AQABMA0GCSqGSIb3DQEBBQUAA4GBAJu18yiTQmnzAEuy80qLYQFHnB75Lf260Cfj

    m4ED7VEZCpq79yOaCXgDkSXsVFpcojREi34Ia+sQ/FClbr2JnVoSHuW5ygWh8CcJ

    1xz/vltREWHMomD5BkQhjuGYbSwO/GpreuGRHM0WN4ufAPRNvwCis03vuR4EBhB2

    0qvDFqrG

    -----END CERTIFICATE-----

    ', port: 80}
- {addr: 209.236.66.138, clean_cert: '-----BEGIN CERTIFICATE-----

    MIIBtjCCAR+gAwIBAgIETrp8mDANBgkqhkiG9w0BAQUFADAdMRswGQYDVQQDExJ3

    d3cuYTJ2cGlicnB3ay5jb20wHhcNMTExMTA5MTMxNDAwWhcNMTIxMTA4MTMxNDAw

    WjAiMSAwHgYDVQQDExd3d3cudWpodG1qYnhsdGV0Y3UyLm5ldDCBnzANBgkqhkiG

    9w0BAQEFAAOBjQAwgYkCgYEAqA4yWBQBslQ9YIavCbaC2XTcKsVVgZeCR1VmYsf6

    lFsUKBM5RaQp2owEwWelMd8v0vdoGdZWcaZGjUBDyyU1SuwkXyDtlDGfBh6ZGPiw

    5gWtg/uXM+2X0+H8boWXGR1HDzdmQm7djV0gdvX1SO436Q62POlMTgtNVHCNVTBH

    QDMCAwEAATANBgkqhkiG9w0BAQUFAAOBgQBdRiSvlTf5JyASnBtmr6Q+ri5pf6Vf

    KRbGpCNeygFNRS5claLQMPDZAl8JAG0JaofjLjVjKaxNvVtg2OlJdFdMQO41yvo6

    a9RpQdQe9xzXBQvLSelGgzPrJfycC1pUkyt4rrJiRi3UcAyrh8tW3MJ1n7T72xeo

    daOhobQjR+MdqA==

    -----END CERTIFICATE-----

    ', port: 443}
- {addr: 95.130.11.170, clean_cert: '-----BEGIN CERTIFICATE-----

    MIIBtzCCASCgAwIBAgIETrpsXDANBgkqhkiG9w0BAQUFADAdMRswGQYDVQQDExJ3

    d3cucGhneWQ1eHd4Mi5uZXQwHhcNMTExMTA5MTIwNDQ0WhcNMTIxMTA4MTIwNDQ0

    WjAjMSEwHwYDVQQDExh3d3cuamVlZGh2d2h5c29hNXd4dS5uZXQwgZ8wDQYJKoZI

    hvcNAQEBBQADgY0AMIGJAoGBAKep/JdzTS/XY45q8jh4AppnP5d+ASuOJ/A8ZW0I

    hmvYGspAvqBLydpnXNjVbWazPgMxJdSeosffoGBg4hgg/6pP29sINhgiJio3jATW

    Qr1sfhYPHP3m+tReLfq3M8btSTzsy2vmAKPgDLldy3byCt4YIgmNUL8ruhBUwAqX

    XMc3AgMBAAEwDQYJKoZIhvcNAQEFBQADgYEAk05M4IrGNemgSaEYloEWfth4CV4n

    yJdH6zRnE108LhBDJKiMpbjlNS50aZXwAs1jBUds0UhdUehpfSDFh0cJPnDlS8hQ

    UmJJ6+FQtGbnUFSWVLdE6CQ7wFDUjv1aW09GiFmXkAHo9c1NwF2yfw9tLnUZH0XU

    ippDxjyDAzD8d/s=

    -----END CERTIFICATE-----

    ', port: 9001}
- {addr: 92.241.168.146, clean_cert: '-----BEGIN CERTIFICATE-----

    MIIBszCCARygAwIBAgIETrpj6zANBgkqhkiG9w0BAQUFADAgMR4wHAYDVQQDExV3

    d3cuaXFkb3h5czZsZDY1ZC5uZXQwHhcNMTExMTA5MTEyODQzWhcNMTIxMTA4MTEy

    ODQzWjAcMRowGAYDVQQDExF3d3cuMnd4anhoN2dpLm5ldDCBnzANBgkqhkiG9w0B

    AQEFAAOBjQAwgYkCgYEAxvGARI4fwmhLxqmDKx1OQ/H7scH7FhnRj4BG/nKC3cnx

    gC/uyit9o3XRnnnOgm0kd5++Ol5Gh6MtvhebeU/DPjG8uL+4KxB70J0Ids8xhb62

    15MeKs56VbBPuQT/uE8FyBsoZ+BNA7ePdTvvKpqv72L98CsOPwBhMS7fKR6kSTUC

    AwEAATANBgkqhkiG9w0BAQUFAAOBgQA6nGZNF4i+0MlwQchCTchDzHLrcb51z/2Z

    KsiFoAzTakiNlX5td0r53GxPX5HdIY0ZwsvwfYSYBG+3wm6byPMYTkrTj9YeZahU

    yq6X+vuvmTWTNHblRaCeT/H99101FyRcWhl2HI/BRDRY5zu8HnzJa8JqwKs04FLu

    zYrnZddg9A==

    -----END CERTIFICATE-----

    ', port: 443}
- {addr: 87.106.94.223, clean_cert: '-----BEGIN CERTIFICATE-----

    MIIBsTCCARqgAwIBAgIETrpvlDANBgkqhkiG9w0BAQUFADAdMRswGQYDVQQDExJ3

    d3cuYnRwZmhjZml6Ni5uZXQwHhcNMTExMTA5MTIxODI4WhcNMTIxMTA4MTIxODI4

    WjAdMRswGQYDVQQDExJ3d3cudXN5cTdqYmdoMi5uZXQwgZ8wDQYJKoZIhvcNAQEB

    BQADgY0AMIGJAoGBAM2lfiJNcvwSL/tAIXgoNjaWs2Dw3Ayh/ltKpHdtYIgEnjBO

    Ke9t5cWJ05QmLBU4ObSOAna3QVRNWUV1TJ8u2s+VurDR1+UGvEBf9Y3Xl+O41lq6

    9F6disoIzfhf0mfK1J/S2QMF7ACldMyNZh0rBWj4feAi13rkC/5k48hyF1HfAgMB

    AAEwDQYJKoZIhvcNAQEFBQADgYEAdQaclNoPqT0jDG4xKnVWCaBcK3P0rDw4lRpb

    3NDSjcXZTLEuMpMPHAPng8aAzfeSajd29+HdGE5zwRtCgsLMmZKtjaM0L/xhIVRC

    RVMtfy5S8QnpYeUcGR7dv59S6Lyv/MbREDO3CQjStlmC8VWP45lGJ+khbEohkF6d

    ac7PA30=

    -----END CERTIFICATE-----

    ', port: 443}
- {addr: 199.48.147.40, clean_cert: '-----BEGIN CERTIFICATE-----

    MIIBsTCCARqgAwIBAgIETrpsHzANBgkqhkiG9w0BAQUFADAdMRswGQYDVQQDExJ3

    d3cuZWJta3RsaGJieC5uZXQwHhcNMTExMTA5MTIwMzQzWhcNMTIxMTA4MTIwMzQz

    WjAdMRswGQYDVQQDExJ3d3cucXBlcWJhc2J2bS5uZXQwgZ8wDQYJKoZIhvcNAQEB

    BQADgY0AMIGJAoGBANyiaRNeMen0C3yJhD6W02x3UhOlGsm5RxubUy21aKAUS62D

    7wx/1ndbTHdTX1R1jUA+ykftWg1Gajd6OZovh19RUcO3ywLyuaqjvmtiSU0YlBls

    acPLV2H6d2F+HU59EiHSd6dwr4kigrcBHUNtF0FKDwwp7VJ/gPJxnIPi6iGHAgMB

    AAEwDQYJKoZIhvcNAQEFBQADgYEApuM+yHzuE0YFvRE/7pXYUDvksGtWTq94tCNo

    hyVDWxaHF+Rw0PQ04HkVngo3q4MB2i5qoObp993/YEE6GP3ZWd5KYbVHXrsWhYYM

    0m3iVU1o9sbQBXlG5aDBMy7FCQzihUTgrcpLIaB2GiHnHGKSW9z3V4Szb5pJLraq

    Q+Mf4EA=

    -----END CERTIFICATE-----

    ', port: 443}
- {addr: 92.241.168.21, clean_cert: '-----BEGIN CERTIFICATE-----

    MIIBwDCCASmgAwIBAgIETrpyCDANBgkqhkiG9w0BAQUFADAiMSAwHgYDVQQDExd3

    d3cuN3V4NzdvanViNmM1amxrLm5ldDAeFw0xMTExMDkxMjI4NTZaFw0xMjExMDgx

    MjI4NTZaMCcxJTAjBgNVBAMTHHd3dy5kZWh1Z295aHpyNTZjNHVleWpzei5uZXQw

    gZ8wDQYJKoZIhvcNAQEBBQADgY0AMIGJAoGBANt98nDjbq8vF0AW8eW1gRo8Agc+

    Hv0Y6S46dbBbpFcuw9FiswSMbZK7E1+BL59tQmlcY+ewBFNDQjIjQ47HmSACSPw5

    RACPkxlGGsij4BtcRlwGwZ/gA6Ipv+xO2Ib1vBH/yR5IdAooVeGuJcL3NJH/lcQd

    Y+kQxyeicKFJvdozAgMBAAEwDQYJKoZIhvcNAQEFBQADgYEAb3xcuCh6J882ddiQ

    5ZDsWWdzFjuI8PYmJ8L86ZZ0eQvmk0TcP7cI9vv7KY/Ruub4ZlxkG5CnS10TTEOp

    313u/X6IIyuabXZkUU9KzJ6n1hZg4q5fX+ZXpQQfNlMn8RLybYx/Bwxk4JWZkCad

    ywWCs4hq/7djl0GEkhcepXRRRqs=

    -----END CERTIFICATE-----

    ', port: 443}
- {addr: 69.164.208.217, clean_cert: '-----BEGIN CERTIFICATE-----

    MIIBrzCCARigAwIBAgIETrpqNjANBgkqhkiG9w0BAQUFADAdMRswGQYDVQQDExJ3

    d3cubXZmYmdxeGQ2My5uZXQwHhcNMTExMTA5MTE1NTM0WhcNMTIxMTA4MTE1NTM0

    WjAbMRkwFwYDVQQDExB3d3cuam14d2lmZXYubmV0MIGfMA0GCSqGSIb3DQEBAQUA

    A4GNADCBiQKBgQDvMckGxEVe55Kz0LttjbpGdvVs68ODBmyEyAG78IT5U08h2RnB

    Z922x/y8qw5z07rUmlYXp0pSxeptIv34YLfCTTq0IOPUqAUXffEbA2BjKHP9Hbjt

    3BOCYJNJDR08Zg1RqMoOyoKRlXukm2OiyJHZZQB6yQbcHheGazxoeKztswIDAQAB

    MA0GCSqGSIb3DQEBBQUAA4GBAGja8AIzZc3H9aSoJsCP276yteFxGVkmlSjUZ7mI

    g6RUf0zt4TRoNMIVNc4cKkX1P7oPlPqVAVwz81sk0KNwlcC4awCcmCPLK+Lhyrb5

    rqqz4Zs+3aB7peaN04NpMpoXqAEcOkpfAN7n6EDAubzozjiJnVQGfvXULcBKUj1A

    RrjB

    -----END CERTIFICATE-----

    ', port: 9001}
- {addr: 96.224.214.210, clean_cert: '-----BEGIN CERTIFICATE-----

    MIIBsjCCARugAwIBAgIETrpxtzANBgkqhkiG9w0BAQUFADAdMRswGQYDVQQDExJ3

    d3cuaGt2YnhlMjVxeC5uZXQwHhcNMTExMTA5MTIyNzM1WhcNMTExMTA5MTQyNzM1

    WjAeMRwwGgYDVQQDExN3d3cuemFxbHN1N3d6b3MubmV0MIGfMA0GCSqGSIb3DQEB

    AQUAA4GNADCBiQKBgQDBudUIlPn7l8FimUpO1r+vBVkqm1WkT6FNRR2L7m4Cnxrd

    /6h2SEol2uq3u30fk+E13o9xn7hZbsRjg0oxMdNZ7pybPVYiMJ0JBPYTzhHHJuSi

    t8c6O145TTjbPojgeCVWcYHvzWx8dRRkUzPFHVi5ZIyfIgzxpoqIr9mRV3JdEQID

    AQABMA0GCSqGSIb3DQEBBQUAA4GBAJ7XvlnrFaE4qWvsSSaz7sr13WPMLEQspGoY

    1QcP8olKbJq6TnC13iqTiQIRj9ZFPt1IeObmktG7vTZjF7d3xO1fIhUkLjYdLF+I

    wB4Ex85R3PN2x6xG5m/uHgsAXfZ9Ypk9m8WysTXE4bKWyPg0UuwVl5mgXs3UU8Ez

    tNIMw57F

    -----END CERTIFICATE-----

    ', port: 9001}
- {addr: 82.146.39.68, clean_cert: '-----BEGIN CERTIFICATE-----

    MIIBuDCCASGgAwIBAgIETrp+EjANBgkqhkiG9w0BAQUFADAkMSIwIAYDVQQDExl3

    d3cudXoyaTJlaWlnc2MzYW1rb3YubmV0MB4XDTExMTEwOTEzMjAxOFoXDTExMTEw

    OTE1MjAxOFowHTEbMBkGA1UEAxMSd3d3LnNxbXJjYW5rZXUubmV0MIGfMA0GCSqG

    SIb3DQEBAQUAA4GNADCBiQKBgQDhYNyvfPS1h/D2hD8i0XKGNhefbWp2VNOwYGJ4

    ttWdvrbqdpdKNX4+8m4m08c2q4uBSo93SGDbZTzOEIXIS4nfKle0Nlvws45agB2o

    SEqcVVsd6DOcmoUvV5Ht3z8fKEgPLuDivGAGVAXJDCl4IJP5t+QgzW3bTR3vbU/D

    p2rgzwIDAQABMA0GCSqGSIb3DQEBBQUAA4GBAJSQiJ3Fhy7A8fyr2m2xj1irto73

    7C0OdzSSIjyQ2IOUqF0IwAXFsGOchU381SpqNvDGPehXWTDGtg9BisMzSjB8gVuu

    PKo9+kfJaQurxfxYWUt/CNH+tPDaV9w50t6ITcQzKjmAWWvW7jEqh3Fc/KtZrIJQ

    0o3NCCLLxDuI9cht

    -----END CERTIFICATE-----

    ', port: 9001}
- {addr: 64.34.167.82, clean_cert: '-----BEGIN CERTIFICATE-----

    MIIBvDCCASWgAwIBAgIETrp5pDANBgkqhkiG9w0BAQUFADAfMR0wGwYDVQQDExR3

    d3cudzNqNnZycjd0cDN5Lm5ldDAeFw0xMTExMDkxMzAxMjRaFw0xMjExMDgxMzAx

    MjRaMCYxJDAiBgNVBAMTG3d3dy5wZHkzYnNjaGp6aGczYnNiazZpLm5ldDCBnzAN

    BgkqhkiG9w0BAQEFAAOBjQAwgYkCgYEAyLbNmlxTjoIKAPHt11q5WcjjYRum7lKS

    pMkpzslvuZPSdRiLnmw2F74tQATFAOAt3hGNb6Tu3IY6TUMU5A2qg5Ax6dqiVvjs

    hR6dC1qNNYMZfB8bITWM/0lvXdJPSQU3pCbZm3WCYe5LnbGpYc5Ai8I+FOHqldVZ

    tVRFMSCrtvsCAwEAATANBgkqhkiG9w0BAQUFAAOBgQCIIIitFePqWumTMWIWpT9z

    jArlxfyepYCwi6BaDIGlYZ837IAUgPqvsYGv5wNPQAIr+w3LHxvTYs8ZgwaUiIaw

    rS33tIT5hc1ZAzIxAdnKA6SqknOFo7m/apCuAjysEqUHqtEByhoNqsCzUK5VeG55

    /7WBfkC+VeArUky38apefw==

    -----END CERTIFICATE-----

    ', port: 443}
- {addr: 217.172.172.7, clean_cert: '-----BEGIN CERTIFICATE-----

    MIIBvjCCASegAwIBAgIETrp4bjANBgkqhkiG9w0BAQUFADAgMR4wHAYDVQQDExV3

    d3cuYndpdjZhcDUzZW42dC5uZXQwHhcNMTExMTA5MTI1NjE0WhcNMTIxMTA4MTI1

    NjE0WjAnMSUwIwYDVQQDExx3d3cub3d6djR0cGhlMmlmcGhuYXVuYjQubmV0MIGf

    MA0GCSqGSIb3DQEBAQUAA4GNADCBiQKBgQDBJamy31c3+ttFLaeJRB9Nl20oDsFq

    3ndXhIKgdSt07lb3qbQZXAq5fphV+iyZICvb2tRucWKD9/86QTGBREfYYNpXnKsR

    tEzIQu3rFHYtXw4NzlZxTmH3QQrGQKVT0KlVEcgL3AOYG2Nxrgdywf4lfe3LD+au

    wtdMl6a9CWnGAwIDAQABMA0GCSqGSIb3DQEBBQUAA4GBAFo7KwECW3L7IVf1jBVQ

    wsPi7Cii8qXhEKClaPklmT8ZDyQ9rDEqtYHecQ0iuOTZAdloWW3JttR9Il/61TKz

    Rx45FSUjX3A2aNp48LhP3v8FnP1tsAEl/PKh/d4kJ8gEtmrSFAf952HPAcnlo55M

    oA3dDlTPzeIxSGaSHFgK5t2/

    -----END CERTIFICATE-----

    ', port: 59001}
- {addr: 198.202.25.251, clean_cert: '-----BEGIN CERTIFICATE-----

    MIIBtTCCAR6gAwIBAgIETrp1tTANBgkqhkiG9w0BAQUFADAeMRwwGgYDVQQDExN3

    d3cubWtyNmVjdmJidjcubmV0MB4XDTExMTEwOTEyNDQzN1oXDTExMTEwOTE0NDQz

    N1owIDEeMBwGA1UEAxMVd3d3LjNwdWwzc3MzaGt1dDQubmV0MIGfMA0GCSqGSIb3

    DQEBAQUAA4GNADCBiQKBgQDo6foixMSQ9zrgr1FY/bLqkqJms0C8gFS1U99s25yO

    Urp1kzF3ub1kqNCs2icjAEDd4H6PAYCtJpjxIsYRTnByn+x9f9UkrTVfBBxKPbXM

    TzDDI3ym15t+O00VvFTBWpXCptXxE4YZOUU+/lgDCWd5+qVnCNS5cRlLZO90coTX

    lQIDAQABMA0GCSqGSIb3DQEBBQUAA4GBABA2L+A5XhZG03Hg34GQiv6z+3FUKU9t

    WCgvapOgM40agttb0bitVVEeAP6BxILJaQY8CIeDLHZWhLmKJDl26ILCJnxiKlKv

    XSao9sMrZ3E+6KxNsDdfYttPx/+ML1w1HkW69TfqzMU7K+5I8NRd41DhUdwIb1rP

    2I1PdQ1g7WZY

    -----END CERTIFICATE-----

    ', port: 4031}
- {addr: 78.42.153.65, clean_cert: '-----BEGIN CERTIFICATE-----

    MIIBwjCCASugAwIBAgIETrp4FjANBgkqhkiG9w0BAQUFADAlMSMwIQYDVQQDExp3

    d3cuZG5kZHp3N3ltbzRneXNxdmthLm5ldDAeFw0xMTExMDkxMjU0NDZaFw0xMjEx

    MDgxMjU0NDZaMCYxJDAiBgNVBAMTG3d3dy5vem42MzZuNTRtb3NsdzJtbnE2Lm5l

    dDCBnzANBgkqhkiG9w0BAQEFAAOBjQAwgYkCgYEA0Psb1Greri1F21J3njidceKj

    TnB0CW4c60PLXZVb6L2hL6aswqFUgTP6svRmWc7+KHIqcxH3QITu/OY4xQsY2E/T

    QlRqg47Bmu7sHXW5yblvjWErxPEVJr3q0p0JnX1+YxoqhdGTHoTKl/ej/sQrSJCy

    OKLpI2J4ICOQNyK+zi0CAwEAATANBgkqhkiG9w0BAQUFAAOBgQAzB7+9gG9BR3JB

    kgP3nnmfwFdOZ5cMdB5Xiq3Mmm7pufXXYqUeBqUEazm74jSInG9Z9W7xoc4Lt9UN

    BYeprYYK1rAmprQRzVR7PRKz3vSld5Zi7bfGWYTu2YfAH3mROY8Gq6/6SNMQs0DY

    swAwYA4qPufg1sAE9XpxgaW0I3riDQ==

    -----END CERTIFICATE-----

    ', port: 9001}
- {addr: 68.71.46.138, clean_cert: '-----BEGIN CERTIFICATE-----

    MIIBvTCCASagAwIBAgIETrpuajANBgkqhkiG9w0BAQUFADAgMR4wHAYDVQQDExV3

    d3cuZWRqaGVranB5bHNkcS5jb20wHhcNMTExMTA5MTIxMzMwWhcNMTIxMTA4MTIx

    MzMwWjAmMSQwIgYDVQQDExt3d3cubm1kMzNrbzVwaHZ1b2pvNXo3eS5uZXQwgZ8w

    DQYJKoZIhvcNAQEBBQADgY0AMIGJAoGBAMsM1aU6Urg3wBRM/Ht9AOxJM/vjr14v

    Y5mv9Tgrk1VWDdBNCRfAOWQJ8lby+h+mNs4/b+6nYPBKWLt5AqQH9Cqbb5Gj5j6N

    5H5q126WUhAiGnOX3LQdZHb3Yc9SLjWL1rjK52EIyzBN9xKE3+HuvCNpNAAN6tLO

    qEx9gSv9VY5DAgMBAAEwDQYJKoZIhvcNAQEFBQADgYEAU9TgjSmmGrdktRZOCdrC

    xTmGTmPbSUfH+R57ckWRgLWg0E8RDncduDe9Ar9qPAClRYkrWpDLNoW0/A1TVYkl

    FRsUjKggUXAsky/oAsywKumge4RlDVC0eJ4lrkBLA35/5RLFMLKTmgWDIcEER6kY

    M54A7z44OTJV0zpJpp1Otc0=

    -----END CERTIFICATE-----

    ', port: 9001}
- {addr: 85.214.80.249, clean_cert: '-----BEGIN CERTIFICATE-----

    MIIBszCCARygAwIBAgIETrp4gTANBgkqhkiG9w0BAQUFADAdMRswGQYDVQQDExJ3

    d3cudTRtM2lxbm95ZS5uZXQwHhcNMTExMTA5MTI1NjMzWhcNMTExMTA5MTQ1NjMz

    WjAfMR0wGwYDVQQDExR3d3cuZ3E2M3c1b2VoMmdwLm5ldDCBnzANBgkqhkiG9w0B

    AQEFAAOBjQAwgYkCgYEAncR1FryPQhxpFKp8uE5ZN8bjaJ8zIpke2WqwYfgXmNO2

    w/h9pS+v6WKJpQu6ctjoERSH9/4I34/1Cq2qG2YRMffswh+F80h6wtt00QUCxiRD

    7H2sR6zcXE9QDtD4WdC/h6EWrBTzgRv4v0t5WaY4tiNf7+AHntANnOd46smOuCcC

    AwEAATANBgkqhkiG9w0BAQUFAAOBgQAfvDiGS3S5g8iJ3QzmcXn2b6JYaZ/s2L/H

    Xt5ov+Be6mQni7yNENJX4NaMnyZKGlpCgo4Ow89VR6DUBKA/6mZeLQC9afEtqrAE

    G+PFjl0bbnUvdXa6DcqQYneLxEN23E6kUMHri/iWNpCzcR8FHutrWcubNuuNEYfZ

    cnwpzPVUWw==

    -----END CERTIFICATE-----

    ', port: 9001}
- {addr: 83.149.112.137, clean_cert: '-----BEGIN CERTIFICATE-----

    MIIBuDCCASGgAwIBAgIETrpq/zANBgkqhkiG9w0BAQUFADAjMSEwHwYDVQQDExh3

    d3cuZW1pNWQ1cTNyMmc3NnZ6di5uZXQwHhcNMTExMTA5MTE1ODU1WhcNMTExMTA5

    MTM1ODU1WjAeMRwwGgYDVQQDExN3d3cuMjRra2t4enVqYmwubmV0MIGfMA0GCSqG

    SIb3DQEBAQUAA4GNADCBiQKBgQDfjY42ig4YpQDRFxNdLyN44sxdJPsKMInbDpTA

    peWjOd6HI6yKeLkJGfZ/1jZK6MA+4HjeZiNrLZJHJoJktxL5WaflKrWwcrkxVk9J

    jtaQIopXUuXv8vAj3NkuCUi8xmO++ZcK8+V4r5cvestTQlwNyzdiEMTEIbddHfMW

    7j2pWQIDAQABMA0GCSqGSIb3DQEBBQUAA4GBAEZt/x9w4gQPm8AXhvRFuilAYIHw

    nuCvxQXc/asYj7hJiBcYU5LsLBOkjURGRyoCAdXoFfa9Bd8l8aE3RzTcc1SxQ+uL

    MohOU11vwRdfdyE8ZErmTUQLzU1YUBJoOYbPv5d5Tj5kxRE6SmE29fZ/YulZyqzd

    5htolWOp+8gMLxUz

    -----END CERTIFICATE-----

    ', port: 9191}
- {addr: 74.132.135.133, clean_cert: '-----BEGIN CERTIFICATE-----

    MIIBuzCCASSgAwIBAgIETrprIzANBgkqhkiG9w0BAQUFADAdMRswGQYDVQQDExJ3

    d3cuNzNuNmRsZmxzbS5uZXQwHhcNMTExMTA5MTE1OTMxWhcNMTIxMTA4MTE1OTMx

    WjAnMSUwIwYDVQQDExx3d3cuY2lmdnd1Nmp2ZHNqcGthbG9vdXIubmV0MIGfMA0G

    CSqGSIb3DQEBAQUAA4GNADCBiQKBgQDqQRpqWm4CD1EAjY/rBv004ML2+KBSCNnV

    IpPieAukvCYX9EzDjcsNgVFmBOf0aRWw28Vh7YGO1m49i6vC3TwBfCOZ94drfavK

    pR3Klq5mJn1K898o87bjP/PunRd6IVLi++0JBUpuFMjY5ARhk7qpkKRrub4s+Cef

    /tA4+aUXCwIDAQABMA0GCSqGSIb3DQEBBQUAA4GBAGS7uKLt7XdZqLhBS5ni6l2q

    oCIDDDo9kpxP+04TjC4Ay/ezY8a4/AHgkp1Y6v4vvPDLbQ+b5+0+nba8izwmCdmf

    HDrJcEkXsFJh5LFfi0JsyENbErZXcYRI8XAXTiib48Swfq1b79mlgsoQSce9WSl/

    GDLG8KNvKBPg9WNJqBKl

    -----END CERTIFICATE-----

    ', port: 443}
- {addr: 174.34.146.248, clean_cert: '-----BEGIN CERTIFICATE-----

    MIIBujCCASOgAwIBAgIETrpnTzANBgkqhkiG9w0BAQUFADAnMSUwIwYDVQQDExx3

    d3cuM2pucW5jZ3Vwamhld3BvaGt6a2gubmV0MB4XDTExMTEwOTExNDMxMVoXDTEx

    MTEwOTEzNDMxMVowHDEaMBgGA1UEAxMRd3d3LnRheGh4a2llaS5uZXQwgZ8wDQYJ

    KoZIhvcNAQEBBQADgY0AMIGJAoGBANcEi6YwwGOS16F15Ovr4dO5Vl2pBHDAHxur

    57gstOIx9oxOSVxnJ7hMKk5b0cCseaagw9hATcVNiSH4jXO0JH2bHqERD5qRoION

    SVOMkxwSP/0IupaHLCaaxPb7JePOtYKjD6u+fAz7wp31+1dvby3XxzTLULtA52OI

    t4u6rMWHAgMBAAEwDQYJKoZIhvcNAQEFBQADgYEAHO3N0au+HqqFBOgferUojZWG

    u6IXyL+wiUM3y+Ey+nluZQ9B0iMjifavbC+qcMiArgDugUxHzKQzMlKrvxzWjZAQ

    JNza7/oHlKxH4CbZGk/gw/sQNRK1zgfdUhKkO64btWBMJqtAmEDXn2dQWkm1AoN1

    7mHnLrzGim20M0PBlBI=

    -----END CERTIFICATE-----

    ', port: 443}
- {addr: 78.42.231.187, clean_cert: '-----BEGIN CERTIFICATE-----

    MIIBtjCCAR+gAwIBAgIETrp01zANBgkqhkiG9w0BAQUFADAiMSAwHgYDVQQDExd3

    d3cuZnhvcWtlZ2hlanBjcHppLm5ldDAeFw0xMTExMDkxMjQwNTVaFw0xMjExMDgx

    MjQwNTVaMB0xGzAZBgNVBAMTEnd3dy5hNHRtZXFvZW5hLm5ldDCBnzANBgkqhkiG

    9w0BAQEFAAOBjQAwgYkCgYEAyBZtySLTqVmHeMZkX0eP09TXAXGfNQLKWm9+ec73

    MK5d2Oi4bvWFnsXjzDaR6EA2IZ/s/oXgsNXCM6vrN6gXtBZlF4v3Pbnesa4r64As

    zqV8B6/DBUV9MKhtLgPcMtOUn65J0hcJOlYZfFrIihH/pJ/rnevO5k793avuyBtT

    2d8CAwEAATANBgkqhkiG9w0BAQUFAAOBgQAxiESRGFcxW8EUCRiSd64GZcHWEo8b

    9mRsxL9vtOic8ZCpdCiWji6BuMtyV4ecKswTEe7xKMzhFFOV/al36Ptzte7Msy9+

    A5uaGjxKsroSEb+/wNIdvVu7F9jUqXvt/sS6F7yZ5bwH6fRlOo/fxjex/REzhpzv

    1O/ouW3zykDz3g==

    -----END CERTIFICATE-----

    ', port: 443}
- {addr: 78.242.33.183, clean_cert: '-----BEGIN CERTIFICATE-----

    MIIBvjCCASegAwIBAgIETrptDjANBgkqhkiG9w0BAQUFADAjMSEwHwYDVQQDExh3

    d3cuYm1tZXhiZ25iN29jdHY0cy5uZXQwHhcNMTExMTA5MTIwNzQyWhcNMTIxMTA4

    MTIwNzQyWjAkMSIwIAYDVQQDExl3d3cuZmFsd2pqZ2dhNGJtc2szeWYubmV0MIGf

    MA0GCSqGSIb3DQEBAQUAA4GNADCBiQKBgQDFnO6obxN0/d3OljqidKpVmDrZj68W

    JxWrvy/lObwXuwMz9UDmgwEJbZ6yQcHYovyonIm3HDkdyZ8bxlDK5Y2+Soqjlz9z

    UouNG1fmPVwv0HtFf1oBqek/i0WQC8AO0Qz/acT3TcKOh4D+aX/SQy/qiFpnzyYJ

    cRRkWPo17c9lGQIDAQABMA0GCSqGSIb3DQEBBQUAA4GBAAiCyggI5za9RaNRPzG5

    /uwyVC6Jxf12ztUNU9sYNZw6ilei4UJCxoeNzgN99N7EQqn9xu+0iC+Ya8NLAsKZ

    vsZZibaHT4Sh16viqc1i78pVVzrWPX6LLfg9v56xuDODonxqUY01PHsIlxp1BKR/

    IpYYIQ/lHPJV9I5ZTIlg6ZkR

    -----END CERTIFICATE-----

    ', port: 9001}
- {addr: 64.34.167.82, clean_cert: '-----BEGIN CERTIFICATE-----

    MIIBvDCCASWgAwIBAgIETrp5pDANBgkqhkiG9w0BAQUFADAfMR0wGwYDVQQDExR3

    d3cudzNqNnZycjd0cDN5Lm5ldDAeFw0xMTExMDkxMzAxMjRaFw0xMjExMDgxMzAx

    MjRaMCYxJDAiBgNVBAMTG3d3dy5wZHkzYnNjaGp6aGczYnNiazZpLm5ldDCBnzAN

    BgkqhkiG9w0BAQEFAAOBjQAwgYkCgYEAyLbNmlxTjoIKAPHt11q5WcjjYRum7lKS

    pMkpzslvuZPSdRiLnmw2F74tQATFAOAt3hGNb6Tu3IY6TUMU5A2qg5Ax6dqiVvjs

    hR6dC1qNNYMZfB8bITWM/0lvXdJPSQU3pCbZm3WCYe5LnbGpYc5Ai8I+FOHqldVZ

    tVRFMSCrtvsCAwEAATANBgkqhkiG9w0BAQUFAAOBgQCIIIitFePqWumTMWIWpT9z

    jArlxfyepYCwi6BaDIGlYZ837IAUgPqvsYGv5wNPQAIr+w3LHxvTYs8ZgwaUiIaw

    rS33tIT5hc1ZAzIxAdnKA6SqknOFo7m/apCuAjysEqUHqtEByhoNqsCzUK5VeG55

    /7WBfkC+VeArUky38apefw==

    -----END CERTIFICATE-----

    ', port: 443}
- {addr: 178.77.77.19, clean_cert: '-----BEGIN CERTIFICATE-----

    MIIBsTCCARqgAwIBAgIETrp66jANBgkqhkiG9w0BAQUFADAdMRswGQYDVQQDExJ3

    d3cubzMza3N0dXB1aS5uZXQwHhcNMTExMTA5MTMwNjUwWhcNMTIxMTA4MTMwNjUw

    WjAdMRswGQYDVQQDExJ3d3cuN29wc2Y3Znl2dy5uZXQwgZ8wDQYJKoZIhvcNAQEB

    BQADgY0AMIGJAoGBAPFiCizzHOzi4t34+PzTi6fqAKqZxYUv32Bnc9k4Wng1Dq1J

    IjXTankdsmqycU+EbH4ej1oieIYzS0Ywv578hrwGkBlRhEFBt5b3MnXs6lZVrpVL

    swMQEim+mkOKXfP3/rVTATzQUqcfpE6jQc0hg3Jb8urcWdL48M3B26UhrGFFAgMB

    AAEwDQYJKoZIhvcNAQEFBQADgYEAlXfwrN5NzqkgbCIsObcROrdAaVoXpkSVY5y+

    BxVkWJI4t6hKTsSurtl1QlwXS4q/K5MmpHwghAkNXQ0KEEZyo6STYFItg3VpNOQC

    UJu1Z7/k6Jy8PBqXRjTyTMSP5BPmcFH+pBhHJr3fJW4AdGDZVdXJmg1izeiftctQ

    1rzd3u4=

    -----END CERTIFICATE-----

    ', port: 9001}
- {addr: 85.214.133.111, clean_cert: '-----BEGIN CERTIFICATE-----

    MIIBvTCCASagAwIBAgIETrp3LjANBgkqhkiG9w0BAQUFADAkMSIwIAYDVQQDExl3

    d3cuZmU3bTNnM3luaHQyb2RnYm4ubmV0MB4XDTExMTEwOTEyNTA1NFoXDTExMTEw

    OTE0NTA1NFowIjEgMB4GA1UEAxMXd3d3Lm51YXhlMnFvZGVrcnl0ZC5uZXQwgZ8w

    DQYJKoZIhvcNAQEBBQADgY0AMIGJAoGBAMCmA2bBN1nRA+ceeY21jiDD3NMIdwG6

    D7f09WCAS/CuA9GjQ45JiDLjUihz07MvKS0um2qGvcOBBW6kUlAaUs6b686cAzDg

    nSNvLTa1limBVsb8pFKVKR+jDjJwCrM3rZTtPU+Tspb9X0znNon/gDqr36ySsOcA

    D3eSsbtM6kPZAgMBAAEwDQYJKoZIhvcNAQEFBQADgYEAmuuVtqCI1/4PaPYYwJaC

    bIEd2dV2zg8+1T2s+6PX3pJGYpRqziJB2FKe0H5+BOZnSo+2ovJK7edZRL4JP4bL

    H0384NBd2mDagVMfUwumIkDIw1XxrXpZq+KokFvwQ8D1fd7kVsv5kAVdqoTzoUg+

    bbZaQDsgujVGojexdfFaO3g=

    -----END CERTIFICATE-----

    ', port: 2391}
- {addr: 149.172.181.143, clean_cert: '-----BEGIN CERTIFICATE-----

    MIIBtjCCAR+gAwIBAgIETrptbjANBgkqhkiG9w0BAQUFADAkMSIwIAYDVQQDExl3

    d3cuZXBseHE0ancya3VtajZhdDIubmV0MB4XDTExMTEwOTEyMDkxOFoXDTEyMTEw

    ODEyMDkxOFowGzEZMBcGA1UEAxMQd3d3Lmx6dnBhMzdyLm5ldDCBnzANBgkqhkiG

    9w0BAQEFAAOBjQAwgYkCgYEAtmfJ48dgtHuugM3D/tEWS8sOXZhoVYBHHb/c7NJG

    6GL+/GEaF7T7cyKIHSLLQpulck7TuVUi48k0bJykR9HCgQRZwTBAmqI3F9wXh68v

    FclfBtXFN4JPYxvGCImHRv5C7lnEJXyLoVl0C6PzXhKUTJUA0GQAl02DBc7aVZjH

    AvMCAwEAATANBgkqhkiG9w0BAQUFAAOBgQC6+AyQ218AKkI1g9qOlwRMu1fxugeL

    6ZFwu2yjwL3D50DPYK9OlanyIWpWjVDVA1CWTjHZm4CXAydnzKrwBa0X6bY8nEk3

    ObuhQ3ymB67ZjC+Ie4QYRr2cHX1LJCy70afxDgdOY7Qrr8N0JrIUFGel4X9cRO+5

    CWfEAD6ef9YaMw==

    -----END CERTIFICATE-----

    ', port: 9001}
- {addr: 83.254.114.66, clean_cert: '-----BEGIN CERTIFICATE-----

    MIIBsjCCARugAwIBAgIETrp0rjANBgkqhkiG9w0BAQUFADAfMR0wGwYDVQQDExR3

    d3cudTVvcG90MjQyN2ZiLm5ldDAeFw0xMTExMDkxMjQwMTRaFw0xMjExMDgxMjQw

    MTRaMBwxGjAYBgNVBAMTEXd3dy54bnFzcmRjdTYubmV0MIGfMA0GCSqGSIb3DQEB

    AQUAA4GNADCBiQKBgQC3WMxp9NTrJPkmpcyAeUwbAPGH6ZqO+Zc/tO7BirRX43rV

    6/dkbjtok5Q1n627qJA56R3Vy9K/0g3593TQE07/fKpQpVj0J1ky8OVbgiYBLhxq

    0WHW1JiH5yzvteqNFfKHufkG/H/UOcNYS+t5xHL/VcAd7diTDNIzMcyALlG8ZwID

    AQABMA0GCSqGSIb3DQEBBQUAA4GBAFewIC+Movi/EhcewofkUEBIjTth+YHv+xnD

    XhkEtj+iFSHNASEn5faAWV2kQzBhFcdG9/7qeQjmW53ZI2BNPhVzbxvPewZRErdM

    798kobmmLrhkARncajGb5ENVB6Px85l1FDWHS4slfZTZ3av7/Q4SZZKRh2iYFM3+

    L8t8+9uh

    -----END CERTIFICATE-----

    ', port: 9001}
- {addr: 97.107.140.155, clean_cert: '-----BEGIN CERTIFICATE-----

    MIIBuTCCASKgAwIBAgIETrpxuTANBgkqhkiG9w0BAQUFADAgMR4wHAYDVQQDExV3

    d3cuNWNzcm83YWI3NjdtaS5uZXQwHhcNMTExMTA5MTIyNzM3WhcNMTIxMTA4MTIy

    NzM3WjAiMSAwHgYDVQQDExd3d3cuZnZoNjRrajYzZm9hcm1oLm5ldDCBnzANBgkq

    hkiG9w0BAQEFAAOBjQAwgYkCgYEA2WiwdXtN/2rC3Kzr9Vbv7tn8XOof7lGCQi3C

    u2Cze8ZJluwpztn2SPbfEUNjvQXG+eNN2ISejFzr3VAYsnkwDvQK2RNNSpORtCxE

    G4KuQ5CB52E8v63UfGC4q3fv6Mfgqo0afthOs3H+xwTaZaFqvAAPzpM9fhNRugnf

    ZS+QXMsCAwEAATANBgkqhkiG9w0BAQUFAAOBgQALrBYXNNOT1YKP3sn1s+6Iw+qW

    OHP4XkbRc2Fm4ZvPIInNY+WHQxLHvBDDIKONPvXXSPvjpIZf7JNP6DP5L9WWIdZj

    0dyMkMxi2oO+rdez4xsjaYYZ6fasFzfSSuteb34tRKWE7/K4lxM2e8v1XpdQcImg

    YhEqx3FC92kE/SdYFw==

    -----END CERTIFICATE-----

    ', port: 9001}
- {addr: 178.25.89.6, clean_cert: '-----BEGIN CERTIFICATE-----

    MIIBszCCARygAwIBAgIETrpxzDANBgkqhkiG9w0BAQUFADAbMRkwFwYDVQQDExB3

    d3cubWJzcHE1NHIubmV0MB4XDTExMTEwOTEyMjc1NloXDTEyMTEwODEyMjc1Nlow

    ITEfMB0GA1UEAxMWd3d3Lmc0dGZvY2x3djdmcjJuLm5ldDCBnzANBgkqhkiG9w0B

    AQEFAAOBjQAwgYkCgYEA0NyUvNvtuXYBdDcEFtlDqtwWsuWkjWRyYg0FvEzJfiKn

    VVLs+BtZCJBf25wW+rEcS+GM46BdmS3oC4yziHcJUjPKv61WBP6safZV7f4tvniq

    U1Vkt9rnekC3iNr9lXNzP513rlc/vnL2mEmyyUcNiKyidW7i38ILdUq+D6GZ3tsC

    AwEAATANBgkqhkiG9w0BAQUFAAOBgQC3J839gKA6LnXEiDJ8jREvssrzYP6+nQtX

    2kxuRRGrb0xoam2iC4n3aeV3+Wv3B3SLj8ugSe4s+jWovAffDA6ZP+RBZ6Pl54OL

    KoJzfvXAqAafYxLzAMIaABfmZyVNyV+UEPr8MVCsYSCj9bGIVOtngVTKg2wU7ID4

    p8r3Z4HslA==

    -----END CERTIFICATE-----

    ', port: 9001}
- {addr: 216.17.108.63, clean_cert: '-----BEGIN CERTIFICATE-----

    MIIBuzCCASSgAwIBAgIETrpiLzANBgkqhkiG9w0BAQUFADAdMRswGQYDVQQDExJ3

    d3cuMnl6Z3ZqNndjby5uZXQwHhcNMTExMTA5MTEyMTE5WhcNMTIxMTA4MTEyMTE5

    WjAnMSUwIwYDVQQDExx3d3cubW5zNjJzcXltNGN6aGFnczd2dnAubmV0MIGfMA0G

    CSqGSIb3DQEBAQUAA4GNADCBiQKBgQDDQfcKdykUYPA8nclHfbfEtsNWIa95bj/p

    CsRGSecxgY7k7ycqV4ptaM5x8yulLJ6ijqW2QuooNrv4+rmcRkXiNcVS8gVVsrRU

    OKNBi53sUVCDjXvRFrO4V2avRll38l+bsSoJTwP5XCnpz87uKOkAx5AIh10djR6S

    AXQtbFAuqQIDAQABMA0GCSqGSIb3DQEBBQUAA4GBABdmKSknbr2RMVv6HQUmaeXy

    gsUcf7typLUdAnK0Giv5l4Ewsx3gmC3PdkXcKcwBI2AlDgV3KUkhuUj49t7GqhK2

    Ggd3MdB8pR3M30qFc7R5w/Ps4Z4eRwl8gGiK3j389dKsDCBzXZffT4thug+zM1sA

    G7thF3ttElCvCZMAa6n1

    -----END CERTIFICATE-----

    ', port: 443}
- {addr: 94.75.205.165, clean_cert: '-----BEGIN CERTIFICATE-----

    MIIBsDCCARmgAwIBAgIETrpPVzANBgkqhkiG9w0BAQUFADAdMRswGQYDVQQDExJ3

    d3cucXNjaGY2dTNmai5uZXQwHhcNMTExMTA5MTAwMDU1WhcNMTExMTA5MTIwMDU1

    WjAcMRowGAYDVQQDExF3d3cuNWdteTJzM3NtLm5ldDCBnzANBgkqhkiG9w0BAQEF

    AAOBjQAwgYkCgYEAtb11nMQ3Cp4B+gHhv421CMlLzckOf3jbTCipvsnePNP8epL0

    RVumrb15Y6D50O/0pT2x6RmS5IJbvqESuHTx3ZOd3UHccCH9xTHIFRud4f/IvrUz

    fEhBuQkttAbyP26YQpH0LcFSC9M4UiTKHTnadDGvLyQaZOAM0QrqfnTIZ7cCAwEA

    ATANBgkqhkiG9w0BAQUFAAOBgQAB8s6hviL1gTAG+UBRZEfba1GuFPvLebFRKqk/

    RsxNNytoAZejWTRMNlv8jus5D3Dllxhw95S0YJ1M4Rvj2lsAwj1nOe/fKg9BlqP3

    om2CCknzXK1tJqm9/3IQvC+Il3agJlnPZBMUdyXlhKVgqLhv+F79GH/L8gt+zEWH

    359scA==

    -----END CERTIFICATE-----

    ', port: 9090}
- {addr: 62.75.145.182, clean_cert: '-----BEGIN CERTIFICATE-----

    MIIBujCCASOgAwIBAgIETrpsaDANBgkqhkiG9w0BAQUFADAgMR4wHAYDVQQDExV3

    d3cuamlieHpjNDd6ZWJueS5uZXQwHhcNMTExMTA5MTIwNDU2WhcNMTIxMTA4MTIw

    NDU2WjAjMSEwHwYDVQQDExh3d3cuZWlnbGtxZDVncWd4cjdqdC5uZXQwgZ8wDQYJ

    KoZIhvcNAQEBBQADgY0AMIGJAoGBAMXgS05dlgF5bRB3qHDhid/bErhYU/lMHlD+

    LclCV32TFzJTkiQ80e121Nb8jE4u0XQ80TQk5AsARBIsI4H83ktfxeQ/WeoKtQfs

    RDcaDpSkiYbRryNdADoUOLyV3ZEunOpTx+Dkab/cFT4TJt9oCE86QhFy/YcljMpu

    2vIujiL/AgMBAAEwDQYJKoZIhvcNAQEFBQADgYEAUcRFI4wXcKCDJmawKZ0LqW69

    t/p2syeRr3pu41FX0WNDWO8aRPYdaJp4fyqI/7LxFgY94zOcJteKfHViRDzAwN01

    N07rBnqrgzjx+POu/t7M7ZjRIeGvOESi346YB2UeL1XnrTZF9xy3fgCu1z8TrTxb

    fvei5KW3EslRzodGTLc=

    -----END CERTIFICATE-----

    ', port: 9001}
- {addr: 49.212.16.119, clean_cert: '-----BEGIN CERTIFICATE-----

    MIIBujCCASOgAwIBAgIETrp8cTANBgkqhkiG9w0BAQUFADAhMR8wHQYDVQQDExZ3

    d3cuZ2R2dWRva3lrNWYzaGcubmV0MB4XDTExMTEwOTEzMTMyMVoXDTEyMTEwODEz

    MTMyMVowIjEgMB4GA1UEAxMXd3d3Lnh3a292eXI1dDV5ZW9vbC5uZXQwgZ8wDQYJ

    KoZIhvcNAQEBBQADgY0AMIGJAoGBAKcMm7AJ2izQ+aWeq+PZQJKht/wmbOaOk8eF

    5/kFoCcTnAtamjZDz4gVJGOPPhCn2SNoFR5TvZqPHim61aGC3nZY1+f44SbP0G+4

    FY5sJ8T+kmbU+FMS4SVlZjYx8uimZs670HPGlDBEvHfU00J0W1w0eZpwyXEm8vqv

    g017WsDLAgMBAAEwDQYJKoZIhvcNAQEFBQADgYEATUSo7ZtfkUHeB7PJKvzOELco

    5+QT41Wue4lyMO7n16NLaqgoWroJIXiXxdaMEq/82H2GSgMGw85iI0qG5o2/0vN0

    8cbtsu+RfOy73TrEAJ7PQ5rxwMTIiuvw8Dhc3TCOH6VNTnD48hJ3t7kuKIG/tvN0

    g/SUlktVDoi35KhCCAg=

    -----END CERTIFICATE-----

    ', port: 9001}
- {addr: 85.224.104.191, clean_cert: '-----BEGIN CERTIFICATE-----

    MIIBvTCCASagAwIBAgIETrp52DANBgkqhkiG9w0BAQUFADAnMSUwIwYDVQQDExx3

    d3cucnFwbXRpNHV0cXI0Ynd2cm1ndm4ubmV0MB4XDTExMTEwOTEzMDIxNloXDTEy

    MTEwODEzMDIxNlowHzEdMBsGA1UEAxMUd3d3LnFhdmYydmFyM3lwcS5uZXQwgZ8w

    DQYJKoZIhvcNAQEBBQADgY0AMIGJAoGBAKfgMwSPCA2XIXa2kto5a1lrSC1JrFmE

    LHbWLa2h/GeLoc1Fob5Gj7Kchzn86JG8MvHDkNPpzE47pkOrTdkN1unwWI61FH/2

    fQ5KyLHEV87Lu7d5ku6FwXt21zxV7XXmAihQjteRAT3tT6/rbhGPbvoodUzgP2Bz

    0cohLRc1FFTZAgMBAAEwDQYJKoZIhvcNAQEFBQADgYEAWkrm2HOjW7D7xodfKLm3

    yWG/UH7z+DfB/QxpUTTANFPcROjKt6a0My8PFydCZf28f2eW5dd7DUR7Y9c5OFq0

    6A5xY0pg1OF3HA5ESbu7juFp2DyOU446B1tuS6CpuAbOS0/t+Cl/KAXbvyMJbADP

    KHX72e1AwCUBrhgQM5xo2Wg=

    -----END CERTIFICATE-----

    ', port: 9001}
- {addr: 70.38.31.121, clean_cert: '-----BEGIN CERTIFICATE-----

    MIIBuDCCASGgAwIBAgIETrptMDANBgkqhkiG9w0BAQUFADAhMR8wHQYDVQQDExZ3

    d3cuY2NvYXgydHhocTJwcjIubmV0MB4XDTExMTEwOTEyMDgxNloXDTExMTEwOTE0

    MDgxNlowIDEeMBwGA1UEAxMVd3d3LnFjbnRwb2pvNDJvb3YubmV0MIGfMA0GCSqG

    SIb3DQEBAQUAA4GNADCBiQKBgQDYqY2GT91aGvSp7L9oujjpMnpDBha4+r8O8dIw

    SXqLIj7Xuc2QM/JLYy0jcusfXy+FO+44X5vzjoOsU9NWNsGGFuVvfIX0tYZk4M3s

    i4kcAhnV7RFfBzKZDHL/QfgG/qevZxN1oc9E+Z0Va8izaxJHussXbQQgklHvkWNa

    hAIamQIDAQABMA0GCSqGSIb3DQEBBQUAA4GBAJJef8YZyj/uW+iDwOcHyM5UheC7

    R8Xu7Uu5TKoQlzJ4coZ1SbfBe8fhCKYCOg2SW50gIszi3Cz9+fbrMS2QhiNw624a

    UQy3psNE45sWi1HH1Hi8R6EAadGqtqO5SdIH9t2xpoqK2cfOxM25LSGZY7klE7Fl

    hpzPtPflP2K22R/1

    -----END CERTIFICATE-----

    ', port: 9001}
